2026-02-18 09:48:35,301 - basicLogger - INFO - Received shot batch event with trace id 4e845452-e0b7-4227-8e8e-12bba1a6f490
2026-02-18 09:48:35,310 - basicLogger - INFO - Received penalty batch event with trace id c5ac41fd-0343-4a9f-b22e-38b1b241c289
2026-02-18 09:48:35,314 - basicLogger - INFO - Received shot batch event with trace id 203e0f1d-10c7-450e-a6aa-81fb2fccc8b8
2026-02-18 09:48:35,318 - basicLogger - INFO - Received penalty batch event with trace id 645c790f-4f4d-4ca3-b0b8-7aa8e1aa3a1c
2026-02-18 09:48:35,324 - basicLogger - INFO - Received shot batch event with trace id 7a28df50-9631-4b14-8829-8ffe80e28f18
2026-02-18 09:48:35,331 - basicLogger - INFO - Received penalty batch event with trace id e36b9fa2-9362-4bad-913a-9dd9968f0b5f
2026-02-18 09:48:35,337 - basicLogger - INFO - Received shot batch event with trace id 96b5fc98-54c0-414a-95f8-08f2c497fb75
2026-02-18 09:48:35,344 - basicLogger - INFO - Received penalty batch event with trace id 085fd34a-8344-4bcf-ae4e-d46b023d4209
2026-02-18 09:48:35,349 - basicLogger - INFO - Received shot batch event with trace id 8ddc4a40-c34e-4fa7-bf5a-a3812d33116a
2026-02-18 09:48:35,354 - basicLogger - INFO - Received penalty batch event with trace id 7d391020-e0b7-4901-8c49-1e775c07adee
2026-02-18 09:48:35,359 - basicLogger - INFO - Received shot batch event with trace id a5520f27-1465-4158-84b3-e98cddd094b2
2026-02-18 09:48:35,363 - basicLogger - INFO - Received penalty batch event with trace id 8e8925e1-daf1-4f36-92f2-8480c1153b0d
2026-02-18 09:48:35,368 - basicLogger - INFO - Received shot batch event with trace id 5815e622-254b-4a7a-929f-9883bcdc142c
2026-02-18 09:48:35,371 - basicLogger - INFO - Received penalty batch event with trace id 47b77bc6-9e95-4c8a-bb83-24a7052735d4
2026-02-18 09:48:35,376 - basicLogger - INFO - Received shot batch event with trace id c6b37dc3-22b7-440d-925e-dd912656677d
2026-02-18 09:48:35,380 - basicLogger - INFO - Received penalty batch event with trace id 0658bc37-d737-4a93-8d2f-f814191fa656
2026-02-18 09:48:35,385 - basicLogger - INFO - Received shot batch event with trace id 29ccc605-2fc5-4c8d-99f9-6daed0863e81
2026-02-18 09:48:35,389 - basicLogger - INFO - Received penalty batch event with trace id f2f3223a-3872-4a3c-a91a-b9eb98723463
2026-02-18 09:48:35,394 - basicLogger - INFO - Received shot batch event with trace id e82f3df0-5ba1-437e-bece-7aa385325872
2026-02-18 09:48:35,398 - basicLogger - INFO - Received penalty batch event with trace id f22374ff-bd86-45b7-9fcf-e1c6bb5bfa85
2026-02-18 09:48:35,497 - basicLogger - INFO - Received shot batch event with trace id c42fa7ba-325f-41ea-8238-d3b266503314
2026-02-18 09:48:35,502 - basicLogger - INFO - Received penalty batch event with trace id 6b80dcab-b3b4-4cef-a6c7-5eedf3530aac
2026-02-18 09:48:35,508 - basicLogger - INFO - Received shot batch event with trace id c6233cf5-15e2-403e-8686-89639098ed05
2026-02-18 09:48:35,512 - basicLogger - INFO - Received penalty batch event with trace id 85dfb0cb-fb27-4c7a-89a8-901ee5ac7de4
2026-02-18 09:48:35,515 - basicLogger - INFO - Received shot batch event with trace id bb990f3f-0a01-42f3-ab86-3d960a4942e3
2026-02-18 09:48:35,519 - basicLogger - INFO - Received penalty batch event with trace id bbcccbb9-c85f-4b1f-8ea2-5afa12be4838
2026-02-18 09:48:35,522 - basicLogger - INFO - Received shot batch event with trace id 49ac66cb-89d5-4bd2-a8ca-d67b6ee66e94
2026-02-18 09:48:35,526 - basicLogger - INFO - Received penalty batch event with trace id 5e01bfad-94d5-4f99-8c12-4f72c5f9314e
2026-02-18 09:48:35,530 - basicLogger - INFO - Received shot batch event with trace id f1ab0bb2-152e-4d2b-bea8-5ac09b2e4b44
2026-02-18 09:48:35,533 - basicLogger - INFO - Received penalty batch event with trace id 9cd92c41-9581-4b68-8996-c43c57466f97
2026-02-18 09:48:35,536 - basicLogger - INFO - Received shot batch event with trace id 5add529a-f608-4e5c-87ae-0344960993bf
2026-02-18 09:48:35,567 - basicLogger - INFO - Received penalty batch event with trace id 9fe9b615-334d-474e-b17e-d1199bf2faf3
2026-02-18 09:48:35,573 - basicLogger - INFO - Received shot batch event with trace id 9c496691-627b-45fd-ab49-196edb60d423
2026-02-18 09:48:35,582 - basicLogger - INFO - Received penalty batch event with trace id 5b3d8d55-ca74-49d4-9731-0373cbc4346d
2026-02-18 09:48:35,585 - basicLogger - INFO - Received shot batch event with trace id e61ffbb2-bf14-43c2-93ae-57cdedfe7f7b
2026-02-18 09:48:35,589 - basicLogger - INFO - Received penalty batch event with trace id 5bdb51cf-c0cd-4c31-84c0-68c76749fbce
2026-02-18 09:48:35,594 - basicLogger - INFO - Received shot batch event with trace id 13c1a611-92ed-463b-b331-4277b2cf902c
2026-02-18 09:48:35,597 - basicLogger - INFO - Received penalty batch event with trace id 3661482b-de9a-42b1-ad92-b971b167c5aa
2026-02-18 09:48:35,601 - basicLogger - INFO - Received shot batch event with trace id 418b6f66-e4ca-425d-b6ec-76940be54eba
2026-02-18 09:48:35,606 - basicLogger - INFO - Received penalty batch event with trace id 4b748682-eef3-4804-be22-ecb3051ff482
2026-02-18 09:48:35,695 - basicLogger - INFO - Received shot batch event with trace id 9ba2d78d-8fec-43bc-a1e3-334e42a07cac
2026-02-18 09:48:35,700 - basicLogger - INFO - Received penalty batch event with trace id 14b56c1c-9214-4d8e-8915-06023f610d6b
2026-02-18 09:48:35,704 - basicLogger - INFO - Received shot batch event with trace id 3e71be7c-d821-4624-b305-b6f13805f2ef
2026-02-18 09:48:35,709 - basicLogger - INFO - Received penalty batch event with trace id 5759850b-15d9-4599-9291-ff560f331ca5
2026-02-18 09:48:35,714 - basicLogger - INFO - Received shot batch event with trace id 6eb8034f-912a-4516-a606-ce7029e1fb18
2026-02-18 09:48:35,719 - basicLogger - INFO - Received penalty batch event with trace id 7e30aeb4-3356-4b8a-aa4b-f061f51095cb
2026-02-18 09:48:35,725 - basicLogger - INFO - Received shot batch event with trace id dbb8301d-1ac7-4435-a6bb-18c9b12394ca
2026-02-18 09:48:35,730 - basicLogger - INFO - Received penalty batch event with trace id dfcb3c08-e576-43b9-83e4-d4fc9dbd4874
2026-02-18 09:48:35,735 - basicLogger - INFO - Received shot batch event with trace id d461b7a8-5753-4499-9bbf-894631c7f394
2026-02-18 09:48:35,740 - basicLogger - INFO - Received penalty batch event with trace id 85c678cc-a75a-40b7-9012-2541a1ce3194
2026-02-18 09:48:35,746 - basicLogger - INFO - Received shot batch event with trace id 1673e247-67c4-4d78-a5e2-5946c1b02ead
2026-02-18 09:48:35,751 - basicLogger - INFO - Received penalty batch event with trace id 66eadeee-270d-4edd-b218-212129556a45
2026-02-18 09:48:35,755 - basicLogger - INFO - Received shot batch event with trace id 2d1414ff-a7af-4f63-a560-51bfd8342ec1
2026-02-18 09:48:35,761 - basicLogger - INFO - Received penalty batch event with trace id ad7414ff-e99b-4aca-b54b-c7ebe3332222
2026-02-18 09:48:35,766 - basicLogger - INFO - Received shot batch event with trace id 46eb1acf-ee74-4fb3-8a86-3d59908450dc
2026-02-18 09:48:35,770 - basicLogger - INFO - Received penalty batch event with trace id 53807359-0952-40e9-9464-ee5e77a89fef
2026-02-18 09:48:35,774 - basicLogger - INFO - Received shot batch event with trace id 3d1053af-163f-49d3-a622-e400e37c96d9
2026-02-18 09:48:35,780 - basicLogger - INFO - Received penalty batch event with trace id 08bcbfba-0865-47af-9ad3-9c7bf6b96fad
2026-02-18 09:48:35,783 - basicLogger - INFO - Received shot batch event with trace id 52e510f5-1a94-4186-8416-14094d187170
2026-02-18 09:48:35,787 - basicLogger - INFO - Received penalty batch event with trace id e6882cc9-030f-4e12-abf1-043087c55a09
2026-02-18 09:48:35,898 - basicLogger - INFO - Received shot batch event with trace id 5d0777bf-5b96-4376-897d-01edea5abfb7
2026-02-18 09:48:35,903 - basicLogger - INFO - Received penalty batch event with trace id 03b68040-d451-4ba0-9000-3b4639d4c8eb
2026-02-18 09:48:35,908 - basicLogger - INFO - Received shot batch event with trace id d0e3c862-a879-4464-881e-22645f0f2b81
2026-02-18 09:48:35,912 - basicLogger - INFO - Received penalty batch event with trace id 3f241b74-d167-41b7-bc7c-999f9fe84ebd
2026-02-18 09:48:35,917 - basicLogger - INFO - Received shot batch event with trace id 960767bc-506f-40b0-88e0-3579afff4792
2026-02-18 09:48:35,922 - basicLogger - INFO - Received penalty batch event with trace id 32170a9b-5d24-46aa-8898-ca1063fb2606
2026-02-18 09:48:35,928 - basicLogger - INFO - Received shot batch event with trace id 5a937435-b993-49de-81e5-5e3270f97075
2026-02-18 09:48:35,931 - basicLogger - INFO - Received penalty batch event with trace id 0c17c317-8654-4797-96ae-9e0834750476
2026-02-18 09:48:35,965 - basicLogger - INFO - Received shot batch event with trace id 370f489d-7a1c-4ea8-91c5-53f48111e128
2026-02-18 09:48:35,969 - basicLogger - INFO - Received penalty batch event with trace id 62e370fb-1c96-4a3a-b7c2-1054f0726234
2026-02-18 09:48:35,975 - basicLogger - INFO - Received shot batch event with trace id e1cd09c2-bb8a-4420-bc3c-25738dc2a30f
2026-02-18 09:48:35,978 - basicLogger - INFO - Received penalty batch event with trace id 8c81f48a-664c-44cc-8fc9-a4e0e2a85e10
2026-02-18 09:48:35,982 - basicLogger - INFO - Received shot batch event with trace id fb043b50-8a8d-4a66-b5b6-34ed4428e808
2026-02-18 09:48:35,986 - basicLogger - INFO - Received penalty batch event with trace id 80b3d9ff-a062-4c86-b90b-36638a44c67c
2026-02-18 09:48:35,989 - basicLogger - INFO - Received shot batch event with trace id 84f72c7e-7443-4aa4-8aa2-87fe97505c23
2026-02-18 09:48:35,994 - basicLogger - INFO - Received penalty batch event with trace id dc542b64-7af0-4648-8c7a-321eed6fbf94
2026-02-18 09:48:35,997 - basicLogger - INFO - Received shot batch event with trace id a80dbf4c-ac37-4e25-b568-16ab85666e3a
2026-02-18 09:48:36,000 - basicLogger - INFO - Received penalty batch event with trace id 5d2d7be0-1b53-4e62-9857-d3de49bc2d3a
2026-02-18 09:48:36,004 - basicLogger - INFO - Received shot batch event with trace id ffccde09-cd20-48e4-9766-7e94fd838952
2026-02-18 09:48:36,008 - basicLogger - INFO - Received penalty batch event with trace id 7e202c89-af9c-4d54-b850-dda677fe2575
2026-02-18 09:48:36,099 - basicLogger - INFO - Received shot batch event with trace id 8945037e-53d7-4132-af94-1723c0cf3f3b
2026-02-18 09:48:36,103 - basicLogger - INFO - Received penalty batch event with trace id 25c58933-19c2-484f-a119-5f367f2b10af
2026-02-18 09:48:36,109 - basicLogger - INFO - Received shot batch event with trace id c5d64c93-b64c-470c-a8a7-5979b1ff5fb2
2026-02-18 09:48:36,113 - basicLogger - INFO - Received penalty batch event with trace id ca792dd0-0d46-4242-85eb-4a3b31dbc633
2026-02-18 09:48:36,118 - basicLogger - INFO - Received shot batch event with trace id 0c5a9aed-3134-4300-b9e0-459a874265f9
2026-02-18 09:48:36,123 - basicLogger - INFO - Received penalty batch event with trace id 6e2a2b7e-e304-47ba-86db-b2cfac5b4b03
2026-02-18 09:48:36,128 - basicLogger - INFO - Received shot batch event with trace id 03682287-94cb-42f7-b5aa-d5e3f1ccc9e8
2026-02-18 09:48:36,132 - basicLogger - INFO - Received penalty batch event with trace id e173d01d-3f13-47d0-86b2-805a10558d66
2026-02-18 09:48:36,136 - basicLogger - INFO - Received shot batch event with trace id 1faff2bb-7e15-498b-83af-118859e2c4a1
2026-02-18 09:48:36,139 - basicLogger - INFO - Received penalty batch event with trace id 7ab5e088-a638-4001-8c66-434aa80bcad6
2026-02-18 09:48:36,143 - basicLogger - INFO - Received shot batch event with trace id 801f7a1b-2c62-4ee8-b41d-9ad6b94eecc9
2026-02-18 09:48:36,147 - basicLogger - INFO - Received penalty batch event with trace id d2b47b77-b179-42fc-bda7-94ae06e9900c
2026-02-18 09:48:36,150 - basicLogger - INFO - Received shot batch event with trace id aedf4f18-7e8d-4973-9573-05c3a9bff8b2
2026-02-18 09:48:36,154 - basicLogger - INFO - Received penalty batch event with trace id 63cc7c3c-7140-4892-a858-18037a95c9d2
2026-02-18 09:48:36,158 - basicLogger - INFO - Received shot batch event with trace id c0df45bb-10fc-433e-8fb2-6120fad6898a
2026-02-18 09:48:36,162 - basicLogger - INFO - Received penalty batch event with trace id 0cbd5996-009b-4ba7-b170-e1efc5d213ee
2026-02-18 09:48:36,166 - basicLogger - INFO - Received shot batch event with trace id 5f3f09d1-b9b5-4126-a968-d57bf5788a72
2026-02-18 09:48:36,171 - basicLogger - INFO - Received penalty batch event with trace id 5ace8cc9-fc38-46d5-a25c-1b8bfc25cebf
2026-02-18 09:48:36,175 - basicLogger - INFO - Received shot batch event with trace id f8174352-e15a-4d7a-92ed-cceb455cc8d0
2026-02-18 09:48:36,179 - basicLogger - INFO - Received penalty batch event with trace id d060df74-eea9-4132-b3b7-4b23eca3d08c
2026-02-27 11:09:25,797 - basicLogger - INFO - Received shot batch event with trace id a6338cb5-f59b-4a74-92de-7b61e0349e74
2026-02-27 11:09:25,931 - basicLogger - INFO - Received shot batch event with trace id 56493979-78eb-45e5-961b-1b1e49fdf119
2026-02-27 11:09:25,957 - basicLogger - INFO - Received penalty batch event with trace id 1fba1737-919d-4dce-a789-114d008cebbf
2026-02-27 11:09:25,957 - basicLogger - INFO - Received penalty batch event with trace id e6d1ffcc-b9a9-44aa-9359-9ed6bda067c6
2026-02-27 11:09:25,965 - basicLogger - INFO - Received shot batch event with trace id 441230a3-55c5-4aea-8b21-069c8f7e2e59
2026-02-27 11:09:25,969 - basicLogger - INFO - Received shot batch event with trace id 8af3b3c4-750e-47fa-b303-bea691d059ae
2026-02-27 11:09:25,974 - basicLogger - INFO - Received penalty batch event with trace id 15b60898-1d74-44eb-9088-4940a1450008
2026-02-27 11:09:25,981 - basicLogger - INFO - Received penalty batch event with trace id 882dcb87-8b78-4cfa-9433-1424c270c01d
2026-02-27 11:09:25,983 - basicLogger - INFO - Received shot batch event with trace id 54c5f66c-4d82-4055-8416-81c54d248b1e
2026-02-27 11:09:25,987 - basicLogger - INFO - Received shot batch event with trace id a887ca16-68a9-4185-9743-69729c1a09db
2026-02-27 11:09:25,992 - basicLogger - INFO - Received penalty batch event with trace id 155b9956-304f-4172-8286-d23035c914e5
2026-02-27 11:09:25,996 - basicLogger - INFO - Received penalty batch event with trace id 5ff44b36-e3a2-4fb0-b60f-b5cf2527a4f0
2026-02-27 11:09:25,999 - basicLogger - INFO - Received shot batch event with trace id 126d8f28-b524-4f6e-8d44-069f3c611d5a
2026-02-27 11:09:26,007 - basicLogger - INFO - Received shot batch event with trace id 3b8d8fc1-ad9e-4cc8-8f48-89b77592d6ed
2026-02-27 11:09:26,010 - basicLogger - INFO - Received penalty batch event with trace id ed4dfd0c-0ae8-4796-9bd7-0d8ffdf61bda
2026-02-27 11:09:26,014 - basicLogger - INFO - Received penalty batch event with trace id 9c6acb0b-1b38-41c6-9988-e2493dbe0754
2026-02-27 11:09:26,020 - basicLogger - INFO - Received shot batch event with trace id edd84b3c-ded1-4798-b629-06d1742bd4b2
2026-02-27 11:09:26,022 - basicLogger - INFO - Received shot batch event with trace id 301c5835-0161-4671-9649-c7b1d85ee3a1
2026-02-27 11:09:26,028 - basicLogger - INFO - Received penalty batch event with trace id 8c8bfbf1-dd12-4230-98e9-a8c8b663a190
2026-02-27 11:09:26,031 - basicLogger - INFO - Received penalty batch event with trace id a0c8a4da-040a-43e0-bc9a-fcaf1e12dd09
2026-02-27 11:09:26,037 - basicLogger - INFO - Received shot batch event with trace id f9a0acc7-6cb9-43c8-a584-935a95e3b9ff
2026-02-27 11:09:26,041 - basicLogger - INFO - Received shot batch event with trace id 436c81af-55ac-402b-ab4f-191ab1f5f49a
2026-02-27 11:09:26,045 - basicLogger - INFO - Received penalty batch event with trace id 9cd82dde-e7b2-4dbc-8c71-80a5f7076058
2026-02-27 11:09:26,048 - basicLogger - INFO - Received penalty batch event with trace id 132b97f7-842a-498f-9582-1ae148cee564
2026-02-27 11:09:26,051 - basicLogger - INFO - Received shot batch event with trace id 1d1b691f-e6af-47e4-a8b1-cb95dbbb303b
2026-02-27 11:09:26,054 - basicLogger - INFO - Received shot batch event with trace id bff49bfa-b524-437f-a672-405203c73900
2026-02-27 11:09:26,057 - basicLogger - INFO - Received penalty batch event with trace id 7645d88c-ef54-4f0d-a579-9dd3de0b150d
2026-02-27 11:09:26,060 - basicLogger - INFO - Received penalty batch event with trace id f96f4244-f4a0-4506-89a7-d25847f98889
2026-02-27 11:09:26,062 - basicLogger - INFO - Received shot batch event with trace id 1184eb27-5224-4854-9220-d4f8cdf854c0
2026-02-27 11:09:26,065 - basicLogger - INFO - Received shot batch event with trace id fd4ab546-3947-41a8-88d2-c4fd78e63189
2026-02-27 11:09:26,068 - basicLogger - INFO - Received penalty batch event with trace id d085dd9f-3905-4ecd-9615-1f8698a19fa2
2026-02-27 11:09:26,072 - basicLogger - INFO - Received penalty batch event with trace id cf46eeaf-febb-44d1-8ac5-06d038a9938a
2026-02-27 11:09:26,074 - basicLogger - INFO - Received shot batch event with trace id 8d88d4c9-40fe-48ad-b63b-9221c38c2f0a
2026-02-27 11:09:26,077 - basicLogger - INFO - Received shot batch event with trace id f8ba5840-9117-4ea7-aea3-928ff8f71820
2026-02-27 11:09:26,080 - basicLogger - INFO - Received penalty batch event with trace id e357e741-8d1b-4552-a01c-1f091326865e
2026-02-27 11:09:26,083 - basicLogger - INFO - Received penalty batch event with trace id dafcaaad-4737-4e16-bbfe-cb9f06f3a8cb
2026-02-27 11:09:26,086 - basicLogger - INFO - Received shot batch event with trace id 0007b636-a6c3-4a99-b106-d2546f9c1078
2026-02-27 11:09:26,089 - basicLogger - INFO - Received shot batch event with trace id ebf5022f-4b05-4978-8982-74413f282892
2026-02-27 11:09:26,091 - basicLogger - INFO - Received penalty batch event with trace id 4d1efaac-ec62-4ff6-b04f-589aab325ab2
2026-02-27 11:09:26,094 - basicLogger - INFO - Received penalty batch event with trace id 7ba18570-423d-499e-8457-dc207f49118c
2026-02-27 11:09:26,121 - basicLogger - INFO - Received shot batch event with trace id a6c5a5df-0410-4d25-8aef-853a3186a84e
2026-02-27 11:09:26,125 - basicLogger - INFO - Received penalty batch event with trace id 42215a14-4438-46ab-b84f-c32361e402b7
2026-02-27 11:09:26,130 - basicLogger - INFO - Received shot batch event with trace id 905aba7a-93ce-4901-9f7b-03e95acf8f7e
2026-02-27 11:09:26,135 - basicLogger - INFO - Received penalty batch event with trace id 77b9010b-2448-4ea3-9300-4440d3dfb15e
2026-02-27 11:09:26,139 - basicLogger - INFO - Received shot batch event with trace id 58a4f735-557a-4cbf-a747-caad2ae322aa
2026-02-27 11:09:26,143 - basicLogger - INFO - Received penalty batch event with trace id 0d996689-7c41-4cc8-94cf-8ef98c27ce31
2026-02-27 11:09:26,148 - basicLogger - INFO - Received shot batch event with trace id 791798ac-af2d-440e-8d91-e118d6b8cdcb
2026-02-27 11:09:26,152 - basicLogger - INFO - Received penalty batch event with trace id 9d55773f-dda9-4bdc-9b74-72f8dca17488
2026-02-27 11:09:26,158 - basicLogger - INFO - Received shot batch event with trace id d54163e0-b50f-46be-afc4-b91f7a6fb26f
2026-02-27 11:09:26,162 - basicLogger - INFO - Received penalty batch event with trace id 0547c3ad-108e-4082-9c03-18f988983214
2026-02-27 11:09:26,166 - basicLogger - INFO - Received shot batch event with trace id 57b150a2-9b4a-4f85-8a9e-011c71ed91d6
2026-02-27 11:09:26,171 - basicLogger - INFO - Received penalty batch event with trace id 6ad1e687-bac8-46df-a905-4237d94f37a8
2026-02-27 11:09:26,175 - basicLogger - INFO - Received shot batch event with trace id 08c5151e-614f-4376-a768-e1c314568097
2026-02-27 11:09:26,181 - basicLogger - INFO - Received penalty batch event with trace id 5a79ccef-31fc-4819-bc53-675b4d4bb92c
2026-02-27 11:09:26,187 - basicLogger - INFO - Received shot batch event with trace id 3d1115e5-cd42-4131-b2a9-22da3cacac82
2026-02-27 11:09:26,192 - basicLogger - INFO - Received penalty batch event with trace id 978bf68f-9125-4577-bd93-4ab44d0e2ac5
2026-02-27 11:09:26,198 - basicLogger - INFO - Received shot batch event with trace id 57e6c168-e7ee-46ad-b5ec-6054d1ace389
2026-02-27 11:09:26,203 - basicLogger - INFO - Received penalty batch event with trace id ed935028-97e5-4413-803f-c315ce75aa21
2026-02-27 11:09:26,208 - basicLogger - INFO - Received shot batch event with trace id 41637b1b-63ce-47a7-9af7-a1ceae005745
2026-02-27 11:09:26,211 - basicLogger - INFO - Received penalty batch event with trace id 80906c6c-4175-423c-9640-a22aa946df81
2026-02-27 11:09:26,325 - basicLogger - INFO - Received shot batch event with trace id 6d15ff48-63a5-4a8a-8314-c9a5922c5233
2026-02-27 11:09:26,331 - basicLogger - INFO - Received penalty batch event with trace id c755df69-4ee8-4d16-97d5-458daa16af3b
2026-02-27 11:09:26,336 - basicLogger - INFO - Received shot batch event with trace id c2280237-e29c-40f2-8a60-f4dad0fd26bf
2026-02-27 11:09:26,342 - basicLogger - INFO - Received penalty batch event with trace id 30f50d75-ff16-4d57-8dc4-0d091a103c99
2026-02-27 11:09:26,347 - basicLogger - INFO - Received shot batch event with trace id 2ae1c797-b39f-4d65-b928-765496d35f1a
2026-02-27 11:09:26,353 - basicLogger - INFO - Received penalty batch event with trace id aa05cb56-3755-48f2-9dab-a22511c215b4
2026-02-27 11:09:26,363 - basicLogger - INFO - Received shot batch event with trace id 8c5b2b67-047c-4996-ab35-31974dc455f1
2026-02-27 11:09:26,369 - basicLogger - INFO - Received penalty batch event with trace id 9a981e9b-a782-4c59-85a5-aa2883f7c627
2026-02-27 11:09:26,373 - basicLogger - INFO - Received shot batch event with trace id 4172aac0-08c9-4ae6-99c4-d53d90d3ac43
2026-02-27 11:09:26,378 - basicLogger - INFO - Received penalty batch event with trace id 4a0c15ad-2cd0-4be6-8cef-8692df2987ef
2026-02-27 11:09:26,383 - basicLogger - INFO - Received shot batch event with trace id bbb4f65e-a5c5-4746-91c0-05e591575a82
2026-02-27 11:09:26,387 - basicLogger - INFO - Received penalty batch event with trace id a6ca1e78-9375-4c6b-b57b-f741dec3e5d2
2026-02-27 11:09:26,391 - basicLogger - INFO - Received shot batch event with trace id 4beb7fe0-7683-4d8c-b917-4431a5a39641
2026-02-27 11:09:26,395 - basicLogger - INFO - Received penalty batch event with trace id 6f2ee835-a632-4bdd-83f2-74123c75b988
2026-02-27 11:09:26,399 - basicLogger - INFO - Received shot batch event with trace id 1b2f1604-518c-4223-a935-02a5a25cb519
2026-02-27 11:09:26,405 - basicLogger - INFO - Received penalty batch event with trace id a71dce08-0aba-4b43-8f62-2e2f8f68ad35
2026-02-27 11:09:26,410 - basicLogger - INFO - Received shot batch event with trace id 618df0c6-444b-4233-837a-4f84bfcfad0f
2026-02-27 11:09:26,413 - basicLogger - INFO - Received penalty batch event with trace id 9cdecd99-573e-4561-95f6-582cf1fe7840
2026-02-27 11:09:26,417 - basicLogger - INFO - Received shot batch event with trace id 7aafa7a7-cd0b-4231-9ff6-349ac24a6bf1
2026-02-27 11:09:26,422 - basicLogger - INFO - Received penalty batch event with trace id 80749e2b-acda-44c9-81b2-547ab863afab
2026-02-27 11:09:26,523 - basicLogger - INFO - Received shot batch event with trace id a9516f6a-9789-4cca-88b9-333fc2d91e2c
2026-02-27 11:09:26,530 - basicLogger - INFO - Received penalty batch event with trace id 8e24e743-ed65-487e-a220-741514ed29f2
2026-02-27 11:09:26,536 - basicLogger - INFO - Received shot batch event with trace id cf08cd70-9898-4437-b6ad-d8d34611a9c8
2026-02-27 11:09:26,541 - basicLogger - INFO - Received penalty batch event with trace id 218b8858-cb29-4ccd-affc-f3142bfc35eb
2026-02-27 11:09:26,547 - basicLogger - INFO - Received shot batch event with trace id f4d08866-a5f8-4743-a976-fe5cb07e5fd8
2026-02-27 11:09:26,553 - basicLogger - INFO - Received penalty batch event with trace id 88e7126f-eba0-4bce-a123-ba27ee2e4516
2026-02-27 11:09:26,558 - basicLogger - INFO - Received shot batch event with trace id bf7c35fa-a5f8-4325-8fea-4e9ee9a62942
2026-02-27 11:09:26,564 - basicLogger - INFO - Received penalty batch event with trace id 5160921b-cdfd-4ae5-b3d0-85739734a2c8
2026-02-27 11:09:26,569 - basicLogger - INFO - Received shot batch event with trace id e7c8e697-f706-4d8a-a079-3048a503d593
2026-02-27 11:09:26,574 - basicLogger - INFO - Received penalty batch event with trace id a3f48408-ff12-44e1-9277-ca3bad9e1098
2026-02-27 11:09:26,606 - basicLogger - INFO - Received shot batch event with trace id de1a25b1-81ca-4523-91a5-037c4bb27f7f
2026-02-27 11:09:26,612 - basicLogger - INFO - Received penalty batch event with trace id 7b42ba08-4273-483a-8e11-2909bd5b3d67
2026-02-27 11:09:26,622 - basicLogger - INFO - Received shot batch event with trace id 6d5aae1a-0966-499b-9e88-79e2cb2010ad
2026-02-27 11:09:26,627 - basicLogger - INFO - Received penalty batch event with trace id 32f69acf-ffcd-41f9-a9b9-ab98b7202895
2026-02-27 11:09:26,632 - basicLogger - INFO - Received shot batch event with trace id c7021fa7-b36b-471c-8fad-41da92298f49
2026-02-27 11:09:26,637 - basicLogger - INFO - Received penalty batch event with trace id b4cff696-98fd-4973-b551-38bab00bcbcc
2026-02-27 11:09:26,643 - basicLogger - INFO - Received shot batch event with trace id 1f28c404-3929-41ab-bfc7-1f5c324b3a18
2026-02-27 11:09:26,648 - basicLogger - INFO - Received penalty batch event with trace id e36bd2d5-47ee-4b24-8f8a-f237ae833c99
2026-02-27 11:09:26,654 - basicLogger - INFO - Received shot batch event with trace id 4f98355b-8e2c-4d1a-9264-fdd3b9e38944
2026-02-27 11:09:26,659 - basicLogger - INFO - Received penalty batch event with trace id ed5dd8af-c536-4fd1-9a09-54a73abce568
