2026-03-25 16:10:36,755 - basicLogger - INFO - Stats calculated: 50 shots, 50 penalties
2026-03-25 16:10:42,232 - basicLogger - INFO - Stats calculated: 50 shots, 50 penalties
2026-03-25 16:10:46,529 - basicLogger - INFO - Stats calculated: 50 shots, 50 penalties
2026-03-25 18:52:00,377 - basicLogger - INFO - Stats calculated: 0 shots, 0 penalties
2026-03-25 18:52:02,738 - basicLogger - INFO - Stats calculated: 0 shots, 0 penalties
2026-03-25 18:52:06,748 - basicLogger - INFO - Stats calculated: 0 shots, 0 penalties
2026-03-25 18:52:10,745 - basicLogger - INFO - Stats calculated: 0 shots, 0 penalties
2026-03-25 18:52:14,745 - basicLogger - INFO - Stats calculated: 0 shots, 0 penalties
2026-03-25 18:52:18,795 - basicLogger - INFO - Stats calculated: 0 shots, 0 penalties
2026-03-25 18:52:22,893 - basicLogger - INFO - Stats calculated: 0 shots, 0 penalties
2026-03-25 18:52:26,990 - basicLogger - INFO - Stats calculated: 0 shots, 0 penalties
2026-03-25 18:52:32,057 - basicLogger - INFO - Stats calculated: 0 shots, 0 penalties
2026-03-25 18:52:38,778 - basicLogger - INFO - Stats calculated: 0 shots, 0 penalties
2026-03-25 18:52:57,523 - basicLogger - INFO - Stats calculated: 0 shots, 0 penalties
2026-03-25 18:53:22,797 - basicLogger - INFO - Stats calculated: 0 shots, 0 penalties
2026-03-25 18:54:00,945 - basicLogger - INFO - Stats calculated: 0 shots, 0 penalties
2026-03-25 18:54:43,550 - basicLogger - INFO - Stats calculated: 0 shots, 0 penalties
2026-03-25 18:54:46,302 - basicLogger - INFO - Stats calculated: 0 shots, 0 penalties
2026-03-25 18:54:50,397 - basicLogger - INFO - Stats calculated: 0 shots, 0 penalties
2026-03-25 18:54:54,401 - basicLogger - INFO - Stats calculated: 0 shots, 0 penalties
2026-03-25 18:54:59,797 - basicLogger - INFO - Stats calculated: 50 shots, 50 penalties
2026-03-25 18:55:02,509 - basicLogger - INFO - Stats calculated: 50 shots, 50 penalties
2026-03-25 18:55:06,119 - basicLogger - INFO - Stats calculated: 50 shots, 50 penalties
2026-03-25 18:55:10,129 - basicLogger - INFO - Stats calculated: 50 shots, 50 penalties
2026-03-25 18:55:14,230 - basicLogger - INFO - Stats calculated: 50 shots, 50 penalties
2026-03-25 18:55:18,328 - basicLogger - INFO - Stats calculated: 50 shots, 50 penalties
2026-03-25 18:55:22,423 - basicLogger - INFO - Stats calculated: 50 shots, 50 penalties
2026-03-25 18:55:26,516 - basicLogger - INFO - Stats calculated: 50 shots, 50 penalties
2026-03-25 18:55:30,624 - basicLogger - INFO - Stats calculated: 50 shots, 50 penalties
2026-03-25 18:55:34,636 - basicLogger - INFO - Stats calculated: 50 shots, 50 penalties
2026-03-25 18:55:38,924 - basicLogger - INFO - Stats calculated: 50 shots, 50 penalties
2026-03-25 18:55:43,488 - basicLogger - INFO - Stats calculated: 50 shots, 50 penalties
2026-03-25 18:55:48,967 - basicLogger - INFO - Stats calculated: 50 shots, 50 penalties
2026-03-25 18:55:58,273 - basicLogger - INFO - Stats calculated: 50 shots, 50 penalties
2026-03-25 18:55:59,899 - basicLogger - INFO - Stats calculated: 50 shots, 50 penalties
2026-03-25 18:56:08,812 - basicLogger - INFO - Stats calculated: 50 shots, 50 penalties
2026-03-25 18:56:18,520 - basicLogger - INFO - Stats calculated: 50 shots, 50 penalties
2026-03-25 18:56:45,706 - basicLogger - INFO - Stats calculated: 50 shots, 50 penalties
2026-03-25 18:57:23,279 - basicLogger - INFO - Stats calculated: 50 shots, 50 penalties
2026-03-25 18:57:47,252 - basicLogger - INFO - Stats calculated: 50 shots, 50 penalties
2026-03-25 18:59:02,456 - basicLogger - INFO - Stats calculated: 50 shots, 50 penalties
2026-03-25 18:59:04,548 - basicLogger - INFO - Stats calculated: 50 shots, 50 penalties
2026-03-25 18:59:08,558 - basicLogger - INFO - Stats calculated: 50 shots, 50 penalties
2026-03-25 18:59:12,557 - basicLogger - INFO - Stats calculated: 50 shots, 50 penalties
2026-03-25 18:59:34,265 - basicLogger - INFO - Stats calculated: 0 shots, 0 penalties
2026-03-25 18:59:36,482 - basicLogger - INFO - Stats calculated: 0 shots, 0 penalties
2026-03-25 18:59:40,502 - basicLogger - INFO - Stats calculated: 0 shots, 0 penalties
2026-03-25 18:59:44,517 - basicLogger - INFO - Stats calculated: 0 shots, 0 penalties
2026-03-25 18:59:48,536 - basicLogger - INFO - Stats calculated: 0 shots, 0 penalties
2026-03-25 18:59:52,556 - basicLogger - INFO - Stats calculated: 0 shots, 0 penalties
2026-03-25 18:59:54,533 - basicLogger - INFO - Stats calculated: 0 shots, 0 penalties
2026-03-25 18:59:58,543 - basicLogger - INFO - Stats calculated: 0 shots, 0 penalties
2026-03-25 19:00:02,541 - basicLogger - INFO - Stats calculated: 0 shots, 0 penalties
2026-03-25 19:00:06,628 - basicLogger - INFO - Stats calculated: 0 shots, 0 penalties
2026-03-25 19:00:10,731 - basicLogger - INFO - Stats calculated: 0 shots, 0 penalties
2026-03-25 19:00:14,837 - basicLogger - INFO - Stats calculated: 0 shots, 0 penalties
2026-03-25 19:00:18,926 - basicLogger - INFO - Stats calculated: 0 shots, 0 penalties
2026-03-25 19:00:25,409 - basicLogger - INFO - Stats calculated: 0 shots, 0 penalties
2026-03-25 19:00:37,454 - basicLogger - INFO - Stats calculated: 0 shots, 0 penalties
2026-03-25 19:00:39,583 - basicLogger - INFO - Stats calculated: 0 shots, 0 penalties
2026-03-25 19:00:43,594 - basicLogger - INFO - Stats calculated: 0 shots, 0 penalties
2026-03-25 19:00:47,687 - basicLogger - INFO - Stats calculated: 0 shots, 0 penalties
2026-03-25 19:00:51,777 - basicLogger - INFO - Stats calculated: 0 shots, 0 penalties
2026-03-25 19:00:55,867 - basicLogger - INFO - Stats calculated: 0 shots, 0 penalties
2026-03-25 19:00:59,960 - basicLogger - INFO - Stats calculated: 0 shots, 0 penalties
2026-03-25 19:01:04,041 - basicLogger - INFO - Stats calculated: 0 shots, 0 penalties
2026-03-25 19:01:08,439 - basicLogger - INFO - Stats calculated: 0 shots, 0 penalties
2026-03-25 19:01:17,614 - basicLogger - INFO - Stats calculated: 0 shots, 0 penalties
2026-03-25 19:01:27,172 - basicLogger - INFO - Stats calculated: 0 shots, 0 penalties
2026-03-25 19:01:28,703 - basicLogger - INFO - Stats calculated: 0 shots, 0 penalties
2026-03-25 19:01:32,716 - basicLogger - INFO - Stats calculated: 0 shots, 0 penalties
2026-03-25 19:01:36,794 - basicLogger - INFO - Stats calculated: 0 shots, 0 penalties
2026-03-25 19:01:41,868 - basicLogger - INFO - Stats calculated: 50 shots, 50 penalties
2026-03-25 19:01:45,001 - basicLogger - INFO - Stats calculated: 50 shots, 50 penalties
2026-03-25 19:01:46,080 - basicLogger - INFO - Stats calculated: 50 shots, 50 penalties
2026-03-25 19:01:50,081 - basicLogger - INFO - Stats calculated: 50 shots, 50 penalties
2026-03-25 19:01:54,091 - basicLogger - INFO - Stats calculated: 50 shots, 50 penalties
2026-03-25 19:01:56,426 - basicLogger - INFO - Stats calculated: 50 shots, 50 penalties
2026-03-25 19:02:00,428 - basicLogger - INFO - Stats calculated: 50 shots, 50 penalties
2026-03-25 19:02:04,518 - basicLogger - INFO - Stats calculated: 50 shots, 50 penalties
2026-03-25 19:02:08,527 - basicLogger - INFO - Stats calculated: 50 shots, 50 penalties
2026-03-25 19:02:12,517 - basicLogger - INFO - Stats calculated: 50 shots, 50 penalties
2026-03-25 19:02:16,630 - basicLogger - INFO - Stats calculated: 50 shots, 50 penalties
2026-03-25 19:02:20,718 - basicLogger - INFO - Stats calculated: 50 shots, 50 penalties
2026-03-25 19:02:27,304 - basicLogger - INFO - Stats calculated: 50 shots, 50 penalties
2026-03-25 19:02:33,997 - basicLogger - INFO - Stats calculated: 50 shots, 50 penalties
2026-03-25 19:02:53,793 - basicLogger - INFO - Stats calculated: 50 shots, 50 penalties
2026-03-25 19:03:01,923 - basicLogger - INFO - Stats calculated: 50 shots, 50 penalties
2026-03-25 19:05:30,196 - basicLogger - INFO - Stats calculated: 0 shots, 0 penalties
2026-03-25 19:07:06,287 - basicLogger - INFO - Searching for shot at index 0...
2026-03-25 19:07:06,289 - basicLogger - INFO - Searching for penalty at index 0...
2026-03-25 19:07:07,290 - basicLogger - ERROR - Shot at index 0 not found in Kafka
2026-03-25 19:07:07,290 - basicLogger - ERROR - Penalty at index 0 not found in Kafka
2026-03-25 19:07:07,291 - basicLogger - INFO - Stats calculated: 0 shots, 0 penalties
2026-03-25 19:07:10,272 - basicLogger - INFO - Searching for shot at index 0...
2026-03-25 19:07:10,275 - basicLogger - INFO - Searching for penalty at index 0...
2026-03-25 19:07:11,275 - basicLogger - ERROR - Shot at index 0 not found in Kafka
2026-03-25 19:07:11,278 - basicLogger - INFO - Stats calculated: 0 shots, 0 penalties
2026-03-25 19:07:11,279 - basicLogger - ERROR - Penalty at index 0 not found in Kafka
2026-03-25 19:07:14,369 - basicLogger - INFO - Searching for shot at index 0...
2026-03-25 19:07:14,370 - basicLogger - INFO - Searching for penalty at index 0...
2026-03-25 19:07:15,371 - basicLogger - ERROR - Shot at index 0 not found in Kafka
2026-03-25 19:07:15,373 - basicLogger - ERROR - Penalty at index 0 not found in Kafka
2026-03-25 19:07:15,374 - basicLogger - INFO - Stats calculated: 0 shots, 0 penalties
2026-03-25 19:07:18,364 - basicLogger - INFO - Searching for shot at index 0...
2026-03-25 19:07:18,365 - basicLogger - INFO - Searching for penalty at index 0...
2026-03-25 19:07:19,365 - basicLogger - INFO - Stats calculated: 0 shots, 0 penalties
2026-03-25 19:07:19,368 - basicLogger - ERROR - Penalty at index 0 not found in Kafka
2026-03-25 19:07:19,368 - basicLogger - ERROR - Shot at index 0 not found in Kafka
2026-03-25 19:07:22,345 - basicLogger - INFO - Searching for shot at index 0...
2026-03-25 19:07:22,346 - basicLogger - INFO - Searching for penalty at index 0...
2026-03-25 19:07:23,347 - basicLogger - INFO - Stats calculated: 0 shots, 0 penalties
2026-03-25 19:07:23,348 - basicLogger - ERROR - Penalty at index 0 not found in Kafka
2026-03-25 19:07:23,349 - basicLogger - ERROR - Shot at index 0 not found in Kafka
2026-03-25 19:07:26,353 - basicLogger - INFO - Searching for penalty at index 0...
2026-03-25 19:07:26,355 - basicLogger - INFO - Searching for shot at index 0...
2026-03-25 19:07:27,356 - basicLogger - ERROR - Penalty at index 0 not found in Kafka
2026-03-25 19:07:27,357 - basicLogger - ERROR - Shot at index 0 not found in Kafka
2026-03-25 19:07:27,360 - basicLogger - INFO - Stats calculated: 0 shots, 0 penalties
2026-03-25 19:07:30,382 - basicLogger - INFO - Searching for shot at index 0...
2026-03-25 19:07:30,384 - basicLogger - INFO - Searching for penalty at index 0...
2026-03-25 19:07:31,383 - basicLogger - INFO - Stats calculated: 0 shots, 0 penalties
2026-03-25 19:07:31,385 - basicLogger - ERROR - Shot at index 0 not found in Kafka
2026-03-25 19:07:31,386 - basicLogger - ERROR - Penalty at index 0 not found in Kafka
2026-03-25 19:07:34,407 - basicLogger - INFO - Searching for shot at index 0...
2026-03-25 19:07:34,408 - basicLogger - INFO - Searching for penalty at index 0...
2026-03-25 19:07:35,409 - basicLogger - ERROR - Penalty at index 0 not found in Kafka
2026-03-25 19:07:35,409 - basicLogger - ERROR - Shot at index 0 not found in Kafka
2026-03-25 19:07:35,411 - basicLogger - INFO - Stats calculated: 0 shots, 0 penalties
2026-03-25 19:07:38,426 - basicLogger - INFO - Searching for shot at index 0...
2026-03-25 19:07:38,426 - basicLogger - INFO - Searching for penalty at index 0...
2026-03-25 19:07:39,429 - basicLogger - ERROR - Penalty at index 0 not found in Kafka
2026-03-25 19:07:39,429 - basicLogger - ERROR - Shot at index 0 not found in Kafka
2026-03-25 19:07:39,431 - basicLogger - INFO - Stats calculated: 0 shots, 0 penalties
2026-03-25 19:07:42,439 - basicLogger - INFO - Searching for shot at index 0...
2026-03-25 19:07:42,439 - basicLogger - INFO - Searching for penalty at index 0...
2026-03-25 19:07:43,437 - basicLogger - INFO - Stats calculated: 0 shots, 0 penalties
2026-03-25 19:07:43,441 - basicLogger - ERROR - Shot at index 0 not found in Kafka
2026-03-25 19:07:43,442 - basicLogger - ERROR - Penalty at index 0 not found in Kafka
2026-03-25 19:07:47,349 - basicLogger - INFO - Searching for shot at index 0...
2026-03-25 19:07:47,351 - basicLogger - INFO - Searching for penalty at index 0...
2026-03-25 19:07:48,353 - basicLogger - INFO - Stats calculated: 0 shots, 0 penalties
2026-03-25 19:07:48,353 - basicLogger - ERROR - Shot at index 0 not found in Kafka
2026-03-25 19:07:48,356 - basicLogger - ERROR - Penalty at index 0 not found in Kafka
2026-03-25 19:07:51,761 - basicLogger - INFO - Searching for penalty at index 0...
2026-03-25 19:07:51,762 - basicLogger - INFO - Searching for shot at index 0...
2026-03-25 19:07:52,760 - basicLogger - INFO - Stats calculated: 0 shots, 0 penalties
2026-03-25 19:07:52,764 - basicLogger - ERROR - Penalty at index 0 not found in Kafka
2026-03-25 19:07:52,764 - basicLogger - ERROR - Shot at index 0 not found in Kafka
2026-03-25 19:08:04,734 - basicLogger - INFO - Searching for shot at index 0...
2026-03-25 19:08:04,736 - basicLogger - INFO - Searching for penalty at index 0...
2026-03-25 19:08:05,737 - basicLogger - ERROR - Shot at index 0 not found in Kafka
2026-03-25 19:08:05,737 - basicLogger - INFO - Stats calculated: 0 shots, 0 penalties
2026-03-25 19:08:05,740 - basicLogger - ERROR - Penalty at index 0 not found in Kafka
2026-03-25 19:08:11,447 - basicLogger - INFO - Searching for penalty at index 0...
2026-03-25 19:08:11,449 - basicLogger - INFO - Searching for shot at index 0...
2026-03-25 19:08:12,448 - basicLogger - INFO - Stats calculated: 0 shots, 0 penalties
2026-03-25 19:08:12,449 - basicLogger - ERROR - Penalty at index 0 not found in Kafka
2026-03-25 19:08:12,451 - basicLogger - ERROR - Shot at index 0 not found in Kafka
2026-03-25 19:08:30,534 - basicLogger - INFO - Searching for shot at index 0...
2026-03-25 19:08:30,535 - basicLogger - INFO - Searching for penalty at index 0...
2026-03-25 19:08:31,538 - basicLogger - ERROR - Shot at index 0 not found in Kafka
2026-03-25 19:08:31,538 - basicLogger - INFO - Stats calculated: 0 shots, 0 penalties
2026-03-25 19:08:31,538 - basicLogger - ERROR - Penalty at index 0 not found in Kafka
2026-03-25 19:08:39,232 - basicLogger - INFO - Searching for shot at index 0...
2026-03-25 19:08:39,233 - basicLogger - INFO - Searching for penalty at index 0...
2026-03-25 19:08:40,235 - basicLogger - INFO - Stats calculated: 0 shots, 0 penalties
2026-03-25 19:08:40,235 - basicLogger - ERROR - Shot at index 0 not found in Kafka
2026-03-25 19:08:40,235 - basicLogger - ERROR - Penalty at index 0 not found in Kafka
2026-03-25 19:09:17,472 - basicLogger - INFO - Searching for penalty at index 0...
2026-03-25 19:09:17,473 - basicLogger - INFO - Searching for shot at index 0...
2026-03-25 19:09:18,474 - basicLogger - INFO - Stats calculated: 0 shots, 0 penalties
2026-03-25 19:09:18,474 - basicLogger - ERROR - Penalty at index 0 not found in Kafka
2026-03-25 19:09:18,474 - basicLogger - ERROR - Shot at index 0 not found in Kafka
2026-03-25 19:09:57,219 - basicLogger - INFO - Searching for penalty at index 0...
2026-03-25 19:09:57,221 - basicLogger - INFO - Searching for shot at index 0...
2026-03-25 19:09:58,222 - basicLogger - ERROR - Penalty at index 0 not found in Kafka
2026-03-25 19:09:58,223 - basicLogger - INFO - Stats calculated: 0 shots, 0 penalties
2026-03-25 19:09:58,226 - basicLogger - ERROR - Shot at index 0 not found in Kafka
2026-03-25 19:10:38,040 - basicLogger - INFO - Searching for penalty at index 0...
2026-03-25 19:10:38,041 - basicLogger - INFO - Searching for shot at index 0...
2026-03-25 19:10:39,043 - basicLogger - INFO - Stats calculated: 0 shots, 0 penalties
2026-03-25 19:10:39,043 - basicLogger - ERROR - Shot at index 0 not found in Kafka
2026-03-25 19:10:39,044 - basicLogger - ERROR - Penalty at index 0 not found in Kafka
2026-03-25 19:10:42,027 - basicLogger - INFO - Searching for shot at index 0...
2026-03-25 19:10:42,028 - basicLogger - INFO - Searching for penalty at index 0...
2026-03-25 19:10:43,029 - basicLogger - INFO - Stats calculated: 0 shots, 0 penalties
2026-03-25 19:10:43,029 - basicLogger - ERROR - Shot at index 0 not found in Kafka
2026-03-25 19:10:43,029 - basicLogger - ERROR - Penalty at index 0 not found in Kafka
2026-03-25 19:10:46,050 - basicLogger - INFO - Searching for penalty at index 0...
2026-03-25 19:10:46,050 - basicLogger - INFO - Searching for shot at index 0...
2026-03-25 19:10:46,428 - basicLogger - INFO - Searching for shot at index 0...
2026-03-25 19:10:46,429 - basicLogger - INFO - Searching for penalty at index 0...
2026-03-25 19:10:47,052 - basicLogger - INFO - Stats calculated: 0 shots, 0 penalties
2026-03-25 19:10:47,052 - basicLogger - ERROR - Shot at index 0 not found in Kafka
2026-03-25 19:10:47,053 - basicLogger - ERROR - Penalty at index 0 not found in Kafka
2026-03-25 19:10:47,429 - basicLogger - ERROR - Shot at index 0 not found in Kafka
2026-03-25 19:10:47,431 - basicLogger - INFO - Stats calculated: 0 shots, 0 penalties
2026-03-25 19:10:47,433 - basicLogger - ERROR - Penalty at index 0 not found in Kafka
2026-03-25 19:10:50,432 - basicLogger - INFO - Searching for penalty at index 0...
2026-03-25 19:10:50,433 - basicLogger - INFO - Searching for shot at index 0...
2026-03-25 19:10:51,434 - basicLogger - INFO - Stats calculated: 0 shots, 0 penalties
2026-03-25 19:10:51,434 - basicLogger - ERROR - Penalty at index 0 not found in Kafka
2026-03-25 19:10:51,437 - basicLogger - ERROR - Shot at index 0 not found in Kafka
2026-03-25 19:10:52,278 - basicLogger - INFO - Searching for penalty at index 0...
2026-03-25 19:10:52,279 - basicLogger - INFO - Searching for shot at index 0...
2026-03-25 19:10:53,281 - basicLogger - ERROR - Penalty at index 0 not found in Kafka
2026-03-25 19:10:53,281 - basicLogger - INFO - Stats calculated: 0 shots, 0 penalties
2026-03-25 19:10:53,282 - basicLogger - ERROR - Shot at index 0 not found in Kafka
2026-03-25 19:10:56,286 - basicLogger - INFO - Searching for shot at index 0...
2026-03-25 19:10:56,288 - basicLogger - INFO - Searching for penalty at index 0...
2026-03-25 19:10:57,290 - basicLogger - INFO - Stats calculated: 0 shots, 0 penalties
2026-03-25 19:10:57,290 - basicLogger - ERROR - Shot at index 0 not found in Kafka
2026-03-25 19:10:57,292 - basicLogger - ERROR - Penalty at index 0 not found in Kafka
2026-03-25 19:11:00,287 - basicLogger - INFO - Searching for penalty at index 0...
2026-03-25 19:11:00,288 - basicLogger - INFO - Searching for shot at index 0...
2026-03-25 19:11:01,288 - basicLogger - INFO - Stats calculated: 0 shots, 0 penalties
2026-03-25 19:11:01,290 - basicLogger - ERROR - Penalty at index 0 not found in Kafka
2026-03-25 19:11:01,292 - basicLogger - ERROR - Shot at index 0 not found in Kafka
2026-03-25 19:11:04,284 - basicLogger - INFO - Searching for penalty at index 0...
2026-03-25 19:11:04,286 - basicLogger - INFO - Searching for shot at index 0...
2026-03-25 19:11:05,380 - basicLogger - INFO - Stats calculated: 0 shots, 0 penalties
2026-03-25 19:11:05,380 - basicLogger - ERROR - Penalty at index 0 not found in Kafka
2026-03-25 19:11:05,380 - basicLogger - ERROR - Shot at index 0 not found in Kafka
2026-03-25 19:11:05,489 - basicLogger - INFO - Searching for penalty at index 0...
2026-03-25 19:11:05,498 - basicLogger - INFO - Searching for shot at index 0...
2026-03-25 19:11:06,499 - basicLogger - INFO - Stats calculated: 0 shots, 0 penalties
2026-03-25 19:11:06,499 - basicLogger - ERROR - Penalty at index 0 not found in Kafka
2026-03-25 19:11:06,502 - basicLogger - ERROR - Shot at index 0 not found in Kafka
2026-03-25 19:11:06,754 - basicLogger - INFO - Searching for penalty at index 0...
2026-03-25 19:11:06,757 - basicLogger - INFO - Searching for shot at index 0...
2026-03-25 19:11:07,757 - basicLogger - ERROR - Penalty at index 0 not found in Kafka
2026-03-25 19:11:07,758 - basicLogger - INFO - Stats calculated: 0 shots, 0 penalties
2026-03-25 19:11:07,762 - basicLogger - ERROR - Shot at index 0 not found in Kafka
2026-03-25 19:11:10,760 - basicLogger - INFO - Searching for penalty at index 0...
2026-03-25 19:11:10,760 - basicLogger - INFO - Searching for shot at index 0...
2026-03-25 19:11:11,762 - basicLogger - INFO - Stats calculated: 0 shots, 0 penalties
2026-03-25 19:11:11,763 - basicLogger - ERROR - Penalty at index 0 not found in Kafka
2026-03-25 19:11:11,763 - basicLogger - ERROR - Shot at index 0 not found in Kafka
2026-03-25 19:11:14,855 - basicLogger - INFO - Searching for shot at index 0...
2026-03-25 19:11:14,856 - basicLogger - INFO - Searching for penalty at index 0...
2026-03-25 19:11:15,857 - basicLogger - INFO - Stats calculated: 0 shots, 0 penalties
2026-03-25 19:11:15,857 - basicLogger - ERROR - Penalty at index 0 not found in Kafka
2026-03-25 19:11:15,857 - basicLogger - ERROR - Shot at index 0 not found in Kafka
2026-03-25 19:11:18,458 - basicLogger - INFO - Stats calculated: 0 shots, 0 penalties
2026-03-25 19:11:18,956 - basicLogger - INFO - Searching for shot at index 0...
2026-03-25 19:11:18,960 - basicLogger - INFO - Searching for penalty at index 0...
2026-03-25 19:11:19,959 - basicLogger - ERROR - Shot at index 0 not found in Kafka
2026-03-25 19:11:19,962 - basicLogger - INFO - Stats calculated: 0 shots, 0 penalties
2026-03-25 19:11:19,963 - basicLogger - ERROR - Penalty at index 0 not found in Kafka
2026-03-25 19:11:21,872 - basicLogger - INFO - Stats calculated: 0 shots, 0 penalties
2026-03-25 19:11:23,057 - basicLogger - INFO - Searching for penalty at index 0...
2026-03-25 19:11:23,058 - basicLogger - INFO - Searching for shot at index 0...
2026-03-25 19:11:24,060 - basicLogger - ERROR - Shot at index 0 not found in Kafka
2026-03-25 19:11:24,060 - basicLogger - INFO - Stats calculated: 0 shots, 0 penalties
2026-03-25 19:11:24,060 - basicLogger - ERROR - Penalty at index 0 not found in Kafka
2026-03-25 19:11:27,157 - basicLogger - INFO - Searching for shot at index 0...
2026-03-25 19:11:27,158 - basicLogger - INFO - Searching for penalty at index 0...
2026-03-25 19:11:28,160 - basicLogger - ERROR - Shot at index 0 not found in Kafka
2026-03-25 19:11:28,163 - basicLogger - INFO - Stats calculated: 0 shots, 0 penalties
2026-03-25 19:11:28,164 - basicLogger - ERROR - Penalty at index 0 not found in Kafka
2026-03-25 19:11:31,247 - basicLogger - INFO - Searching for penalty at index 0...
2026-03-25 19:11:31,249 - basicLogger - INFO - Searching for shot at index 0...
2026-03-25 19:11:32,250 - basicLogger - ERROR - Penalty at index 0 not found in Kafka
2026-03-25 19:11:32,252 - basicLogger - ERROR - Shot at index 0 not found in Kafka
2026-03-25 19:11:32,253 - basicLogger - INFO - Stats calculated: 0 shots, 0 penalties
2026-03-25 19:11:54,234 - basicLogger - INFO - Searching for shot at index 0...
2026-03-25 19:11:54,234 - basicLogger - INFO - Searching for penalty at index 0...
2026-03-25 19:11:55,237 - basicLogger - ERROR - Penalty at index 0 not found in Kafka
2026-03-25 19:11:55,238 - basicLogger - INFO - Stats calculated: 0 shots, 0 penalties
2026-03-25 19:11:55,238 - basicLogger - ERROR - Shot at index 0 not found in Kafka
2026-03-25 19:12:29,334 - basicLogger - INFO - Searching for shot at index 0...
2026-03-25 19:12:29,335 - basicLogger - INFO - Searching for penalty at index 0...
2026-03-25 19:12:30,337 - basicLogger - ERROR - Shot at index 0 not found in Kafka
2026-03-25 19:12:30,338 - basicLogger - ERROR - Penalty at index 0 not found in Kafka
2026-03-25 19:12:30,342 - basicLogger - INFO - Stats calculated: 0 shots, 0 penalties
2026-03-25 19:12:41,618 - basicLogger - INFO - Searching for penalty at index 0...
2026-03-25 19:12:41,620 - basicLogger - INFO - Searching for shot at index 0...
2026-03-25 19:12:41,626 - basicLogger - INFO - Found penalty at index 0
2026-03-25 19:12:41,628 - basicLogger - INFO - Found shot at index 0
2026-03-25 19:12:42,730 - basicLogger - INFO - Stats calculated: 50 shots, 50 penalties
2026-03-25 19:12:43,131 - basicLogger - INFO - Searching for penalty at index 0...
2026-03-25 19:12:43,131 - basicLogger - INFO - Searching for shot at index 0...
2026-03-25 19:12:43,142 - basicLogger - INFO - Found shot at index 0
2026-03-25 19:12:43,146 - basicLogger - INFO - Found penalty at index 0
2026-03-25 19:12:44,248 - basicLogger - INFO - Stats calculated: 50 shots, 50 penalties
2026-03-25 19:12:47,144 - basicLogger - INFO - Searching for penalty at index 0...
2026-03-25 19:12:47,144 - basicLogger - INFO - Searching for shot at index 0...
2026-03-25 19:12:47,151 - basicLogger - INFO - Found shot at index 0
2026-03-25 19:12:47,154 - basicLogger - INFO - Found penalty at index 0
2026-03-25 19:12:48,252 - basicLogger - INFO - Stats calculated: 50 shots, 50 penalties
2026-03-25 19:12:51,271 - basicLogger - INFO - Searching for penalty at index 0...
2026-03-25 19:12:51,278 - basicLogger - INFO - Searching for shot at index 0...
2026-03-25 19:12:51,282 - basicLogger - INFO - Found penalty at index 0
2026-03-25 19:12:51,285 - basicLogger - INFO - Found shot at index 0
2026-03-25 19:12:52,383 - basicLogger - INFO - Stats calculated: 50 shots, 50 penalties
2026-03-25 19:12:55,245 - basicLogger - INFO - Searching for penalty at index 0...
2026-03-25 19:12:55,247 - basicLogger - INFO - Searching for shot at index 0...
2026-03-25 19:12:55,251 - basicLogger - INFO - Found penalty at index 0
2026-03-25 19:12:55,252 - basicLogger - INFO - Found shot at index 0
2026-03-25 19:12:56,352 - basicLogger - INFO - Stats calculated: 50 shots, 50 penalties
2026-03-25 19:12:59,346 - basicLogger - INFO - Searching for penalty at index 0...
2026-03-25 19:12:59,347 - basicLogger - INFO - Searching for shot at index 0...
2026-03-25 19:12:59,351 - basicLogger - INFO - Found penalty at index 0
2026-03-25 19:12:59,351 - basicLogger - INFO - Found shot at index 0
2026-03-25 19:13:00,454 - basicLogger - INFO - Stats calculated: 50 shots, 50 penalties
2026-03-25 19:13:03,434 - basicLogger - INFO - Searching for penalty at index 0...
2026-03-25 19:13:03,435 - basicLogger - INFO - Searching for shot at index 0...
2026-03-25 19:13:03,438 - basicLogger - INFO - Found shot at index 0
2026-03-25 19:13:03,439 - basicLogger - INFO - Found penalty at index 0
2026-03-25 19:13:04,541 - basicLogger - INFO - Stats calculated: 50 shots, 50 penalties
2026-03-25 19:13:07,595 - basicLogger - INFO - Searching for penalty at index 0...
2026-03-25 19:13:07,598 - basicLogger - INFO - Searching for shot at index 0...
2026-03-25 19:13:07,608 - basicLogger - INFO - Found penalty at index 0
2026-03-25 19:13:07,609 - basicLogger - INFO - Found shot at index 0
2026-03-25 19:13:08,711 - basicLogger - INFO - Stats calculated: 50 shots, 50 penalties
2026-03-25 19:13:17,442 - basicLogger - INFO - Searching for penalty at index 0...
2026-03-25 19:13:17,443 - basicLogger - INFO - Searching for shot at index 0...
2026-03-25 19:13:17,446 - basicLogger - INFO - Found penalty at index 0
2026-03-25 19:13:17,446 - basicLogger - INFO - Found shot at index 0
2026-03-25 19:13:18,549 - basicLogger - INFO - Stats calculated: 50 shots, 50 penalties
2026-03-25 19:13:24,303 - basicLogger - INFO - Searching for penalty at index 0...
2026-03-25 19:13:24,304 - basicLogger - INFO - Searching for shot at index 0...
2026-03-25 19:13:24,308 - basicLogger - INFO - Found shot at index 0
2026-03-25 19:13:24,308 - basicLogger - INFO - Found penalty at index 0
2026-03-25 19:13:25,412 - basicLogger - INFO - Stats calculated: 50 shots, 50 penalties
2026-03-25 19:13:43,304 - basicLogger - INFO - Searching for shot at index 0...
2026-03-25 19:13:43,305 - basicLogger - INFO - Searching for penalty at index 0...
2026-03-25 19:13:43,310 - basicLogger - INFO - Found shot at index 0
2026-03-25 19:13:43,310 - basicLogger - INFO - Found penalty at index 0
2026-03-25 19:13:44,411 - basicLogger - INFO - Stats calculated: 50 shots, 50 penalties
2026-03-25 19:13:50,998 - basicLogger - INFO - Searching for penalty at index 0...
2026-03-25 19:13:51,002 - basicLogger - INFO - Searching for shot at index 0...
2026-03-25 19:13:51,003 - basicLogger - INFO - Found shot at index 0
2026-03-25 19:13:51,003 - basicLogger - INFO - Found penalty at index 0
2026-03-25 19:13:52,104 - basicLogger - INFO - Stats calculated: 50 shots, 50 penalties
2026-03-25 19:14:29,108 - basicLogger - INFO - Searching for penalty at index 0...
2026-03-25 19:14:29,109 - basicLogger - INFO - Searching for shot at index 0...
2026-03-25 19:14:29,112 - basicLogger - INFO - Found shot at index 0
2026-03-25 19:14:29,113 - basicLogger - INFO - Found penalty at index 0
2026-03-25 19:14:30,210 - basicLogger - INFO - Stats calculated: 50 shots, 50 penalties
2026-03-25 19:14:54,618 - basicLogger - INFO - Searching for penalty at index 0...
2026-03-25 19:14:54,620 - basicLogger - INFO - Searching for shot at index 0...
2026-03-25 19:14:54,624 - basicLogger - INFO - Found penalty at index 0
2026-03-25 19:14:54,627 - basicLogger - INFO - Found shot at index 0
2026-03-25 19:14:55,727 - basicLogger - INFO - Stats calculated: 50 shots, 50 penalties
2026-03-25 19:16:10,888 - basicLogger - INFO - Searching for penalty at index 0...
2026-03-25 19:16:10,888 - basicLogger - INFO - Searching for shot at index 0...
2026-03-25 19:16:10,894 - basicLogger - INFO - Found shot at index 0
2026-03-25 19:16:10,896 - basicLogger - INFO - Found penalty at index 0
2026-03-25 19:16:11,999 - basicLogger - INFO - Stats calculated: 50 shots, 50 penalties
2026-03-25 19:18:31,522 - basicLogger - INFO - Searching for shot at index 0...
2026-03-25 19:18:31,523 - basicLogger - INFO - Searching for penalty at index 0...
2026-03-25 19:18:31,526 - basicLogger - INFO - Found shot at index 0
2026-03-25 19:18:31,529 - basicLogger - INFO - Found penalty at index 0
2026-03-25 19:18:32,628 - basicLogger - INFO - Stats calculated: 50 shots, 50 penalties
2026-03-25 19:19:42,743 - basicLogger - INFO - Searching for penalty at index 0...
2026-03-25 19:19:42,746 - basicLogger - INFO - Searching for shot at index 0...
2026-03-25 19:19:42,750 - basicLogger - INFO - Found shot at index 0
2026-03-25 19:19:42,750 - basicLogger - INFO - Found penalty at index 0
2026-03-25 19:19:43,848 - basicLogger - INFO - Stats calculated: 50 shots, 50 penalties
2026-03-25 19:19:46,831 - basicLogger - INFO - Searching for shot at index 0...
2026-03-25 19:19:46,832 - basicLogger - INFO - Searching for penalty at index 0...
2026-03-25 19:19:46,836 - basicLogger - INFO - Found shot at index 0
2026-03-25 19:19:46,840 - basicLogger - INFO - Found penalty at index 0
2026-03-25 19:19:47,938 - basicLogger - INFO - Stats calculated: 50 shots, 50 penalties
2026-03-25 19:19:51,301 - basicLogger - INFO - Searching for shot at index 0...
2026-03-25 19:19:51,302 - basicLogger - INFO - Searching for penalty at index 0...
2026-03-25 19:19:51,307 - basicLogger - INFO - Found shot at index 0
2026-03-25 19:19:51,309 - basicLogger - INFO - Found penalty at index 0
2026-03-25 19:19:52,414 - basicLogger - INFO - Stats calculated: 50 shots, 50 penalties
2026-03-25 19:19:59,296 - basicLogger - INFO - Searching for penalty at index 0...
2026-03-25 19:19:59,296 - basicLogger - INFO - Searching for shot at index 0...
2026-03-25 19:19:59,300 - basicLogger - INFO - Found shot at index 0
2026-03-25 19:19:59,301 - basicLogger - INFO - Found penalty at index 0
2026-03-25 19:20:00,406 - basicLogger - INFO - Stats calculated: 50 shots, 50 penalties
2026-03-25 19:20:06,827 - basicLogger - INFO - Searching for shot at index 0...
2026-03-25 19:20:06,829 - basicLogger - INFO - Found shot at index 0
2026-03-25 19:20:06,833 - basicLogger - INFO - Searching for penalty at index 0...
2026-03-25 19:20:06,837 - basicLogger - INFO - Found penalty at index 0
2026-03-25 19:20:07,933 - basicLogger - INFO - Stats calculated: 50 shots, 50 penalties
2026-03-25 19:20:14,711 - basicLogger - INFO - Searching for shot at index 0...
2026-03-25 19:20:14,712 - basicLogger - INFO - Searching for penalty at index 0...
2026-03-25 19:20:14,714 - basicLogger - INFO - Found shot at index 0
2026-03-25 19:20:14,717 - basicLogger - INFO - Found penalty at index 0
2026-03-25 19:20:15,817 - basicLogger - INFO - Stats calculated: 50 shots, 50 penalties
2026-03-25 19:20:33,736 - basicLogger - INFO - Searching for shot at index 0...
2026-03-25 19:20:33,740 - basicLogger - INFO - Found shot at index 0
2026-03-25 19:20:33,740 - basicLogger - INFO - Searching for penalty at index 0...
2026-03-25 19:20:33,745 - basicLogger - INFO - Found penalty at index 0
2026-03-25 19:20:34,845 - basicLogger - INFO - Stats calculated: 50 shots, 50 penalties
2026-03-25 19:20:49,334 - basicLogger - INFO - Searching for shot at index 0...
2026-03-25 19:20:49,334 - basicLogger - INFO - Searching for penalty at index 0...
2026-03-25 19:20:49,336 - basicLogger - INFO - Found shot at index 0
2026-03-25 19:20:49,338 - basicLogger - INFO - Found penalty at index 0
2026-03-25 19:20:50,437 - basicLogger - INFO - Stats calculated: 50 shots, 50 penalties
2026-03-25 19:21:27,490 - basicLogger - INFO - Searching for shot at index 0...
2026-03-25 19:21:27,490 - basicLogger - INFO - Searching for penalty at index 0...
2026-03-25 19:21:27,494 - basicLogger - INFO - Found shot at index 0
2026-03-25 19:21:27,497 - basicLogger - INFO - Found penalty at index 0
2026-03-25 19:21:28,597 - basicLogger - INFO - Stats calculated: 50 shots, 50 penalties
2026-03-25 19:22:14,560 - basicLogger - INFO - Searching for penalty at index 0...
2026-03-25 19:22:14,561 - basicLogger - INFO - Searching for shot at index 0...
2026-03-25 19:22:14,563 - basicLogger - INFO - Found shot at index 0
2026-03-25 19:22:14,568 - basicLogger - INFO - Found penalty at index 0
2026-03-25 19:22:15,670 - basicLogger - INFO - Stats calculated: 50 shots, 50 penalties
2026-03-25 19:23:30,922 - basicLogger - INFO - Searching for penalty at index 0...
2026-03-25 19:23:30,927 - basicLogger - INFO - Searching for shot at index 0...
2026-03-25 19:23:30,928 - basicLogger - INFO - Found penalty at index 0
2026-03-25 19:23:30,929 - basicLogger - INFO - Found shot at index 0
2026-03-25 19:23:32,030 - basicLogger - INFO - Stats calculated: 50 shots, 50 penalties
2026-03-25 19:24:37,871 - basicLogger - INFO - Searching for shot at index 0...
2026-03-25 19:24:37,874 - basicLogger - INFO - Searching for penalty at index 0...
2026-03-25 19:24:37,876 - basicLogger - INFO - Found shot at index 0
2026-03-25 19:24:37,879 - basicLogger - INFO - Found penalty at index 0
2026-03-25 19:24:38,978 - basicLogger - INFO - Stats calculated: 50 shots, 50 penalties
2026-03-25 19:27:10,684 - basicLogger - INFO - Searching for penalty at index 0...
2026-03-25 19:27:10,688 - basicLogger - INFO - Searching for shot at index 0...
2026-03-25 19:27:10,689 - basicLogger - INFO - Found penalty at index 0
2026-03-25 19:27:10,691 - basicLogger - INFO - Found shot at index 0
2026-03-25 19:27:11,790 - basicLogger - INFO - Stats calculated: 50 shots, 50 penalties
2026-03-25 19:27:40,865 - basicLogger - INFO - Searching for shot at index 0...
2026-03-25 19:27:40,868 - basicLogger - INFO - Searching for penalty at index 0...
2026-03-25 19:27:40,868 - basicLogger - INFO - Found shot at index 0
2026-03-25 19:27:40,873 - basicLogger - INFO - Found penalty at index 0
2026-03-25 19:27:41,973 - basicLogger - INFO - Stats calculated: 50 shots, 50 penalties
2026-03-25 19:33:30,452 - basicLogger - INFO - Searching for penalty at index 0...
2026-03-25 19:33:31,455 - basicLogger - ERROR - Penalty at index 0 not found in Kafka
2026-03-25 19:33:52,616 - basicLogger - INFO - Searching for penalty at index 0...
2026-03-25 19:33:52,616 - basicLogger - INFO - Searching for shot at index 0...
2026-03-25 19:33:53,616 - basicLogger - INFO - Stats calculated: 0 shots, 0 penalties
2026-03-25 19:33:53,620 - basicLogger - ERROR - Shot at index 0 not found in Kafka
2026-03-25 19:33:53,622 - basicLogger - ERROR - Penalty at index 0 not found in Kafka
2026-03-25 19:33:54,586 - basicLogger - INFO - Searching for penalty at index 0...
2026-03-25 19:33:54,589 - basicLogger - INFO - Searching for shot at index 0...
2026-03-25 19:33:55,589 - basicLogger - ERROR - Penalty at index 0 not found in Kafka
2026-03-25 19:33:55,594 - basicLogger - ERROR - Shot at index 0 not found in Kafka
2026-03-25 19:33:55,595 - basicLogger - INFO - Stats calculated: 0 shots, 0 penalties
2026-03-25 19:33:58,592 - basicLogger - INFO - Searching for penalty at index 0...
2026-03-25 19:33:58,593 - basicLogger - INFO - Searching for shot at index 0...
2026-03-25 19:33:59,592 - basicLogger - INFO - Stats calculated: 0 shots, 0 penalties
2026-03-25 19:33:59,596 - basicLogger - ERROR - Penalty at index 0 not found in Kafka
2026-03-25 19:33:59,596 - basicLogger - ERROR - Shot at index 0 not found in Kafka
2026-03-25 19:34:04,731 - basicLogger - INFO - Stats calculated: 0 shots, 0 penalties
