2026-03-25 20:14:51,999 - apscheduler.scheduler - INFO - Adding job tentatively -- it will be properly scheduled when the scheduler starts
2026-03-25 20:14:52,002 - apscheduler.scheduler - INFO - Added job "check_health" to job store "default"
2026-03-25 20:14:52,002 - apscheduler.scheduler - INFO - Scheduler started
2026-03-25 20:15:12,672 - health_logger - INFO - Request for all service statuses received
2026-03-25 20:15:22,003 - health_logger - INFO - Starting health check for all services
2026-03-25 20:15:22,049 - health_logger - INFO - Recorded service statuses: {'receiver': 'Up', 'storage': 'Up', 'processing': 'Up', 'analyzer': 'Up', 'last_update': '2026-03-25T20:15:22'}
2026-03-25 20:15:52,001 - health_logger - INFO - Starting health check for all services
2026-03-25 20:15:52,054 - health_logger - INFO - Recorded service statuses: {'receiver': 'Up', 'storage': 'Up', 'processing': 'Up', 'analyzer': 'Up', 'last_update': '2026-03-25T20:15:52'}
2026-03-25 20:16:22,000 - health_logger - INFO - Starting health check for all services
2026-03-25 20:16:22,021 - health_logger - INFO - Recorded service statuses: {'receiver': 'Up', 'storage': 'Up', 'processing': 'Up', 'analyzer': 'Up', 'last_update': '2026-03-25T20:16:22'}
2026-03-25 20:16:52,000 - health_logger - INFO - Starting health check for all services
2026-03-25 20:16:52,043 - health_logger - INFO - Recorded service statuses: {'receiver': 'Up', 'storage': 'Up', 'processing': 'Up', 'analyzer': 'Up', 'last_update': '2026-03-25T20:16:52'}
2026-03-25 20:17:22,000 - health_logger - INFO - Starting health check for all services
2026-03-25 20:17:22,031 - health_logger - INFO - Recorded service statuses: {'receiver': 'Up', 'storage': 'Up', 'processing': 'Up', 'analyzer': 'Up', 'last_update': '2026-03-25T20:17:22'}
2026-03-25 20:17:52,000 - health_logger - INFO - Starting health check for all services
2026-03-25 20:17:52,020 - health_logger - INFO - Recorded service statuses: {'receiver': 'Up', 'storage': 'Up', 'processing': 'Up', 'analyzer': 'Up', 'last_update': '2026-03-25T20:17:52'}
2026-03-25 20:18:22,018 - health_logger - INFO - Starting health check for all services
2026-03-25 20:18:22,043 - health_logger - INFO - Recorded service statuses: {'receiver': 'Up', 'storage': 'Up', 'processing': 'Up', 'analyzer': 'Up', 'last_update': '2026-03-25T20:18:22'}
2026-03-25 20:18:51,999 - health_logger - INFO - Starting health check for all services
2026-03-25 20:18:52,014 - health_logger - INFO - Recorded service statuses: {'receiver': 'Up', 'storage': 'Up', 'processing': 'Up', 'analyzer': 'Up', 'last_update': '2026-03-25T20:18:52'}
2026-03-25 20:19:22,002 - health_logger - INFO - Starting health check for all services
2026-03-25 20:19:22,053 - health_logger - INFO - Recorded service statuses: {'receiver': 'Up', 'storage': 'Up', 'processing': 'Up', 'analyzer': 'Up', 'last_update': '2026-03-25T20:19:22'}
2026-03-25 20:19:52,000 - health_logger - INFO - Starting health check for all services
2026-03-25 20:19:52,017 - health_logger - INFO - Recorded service statuses: {'receiver': 'Up', 'storage': 'Up', 'processing': 'Up', 'analyzer': 'Up', 'last_update': '2026-03-25T20:19:52'}
2026-03-25 20:20:22,012 - health_logger - INFO - Starting health check for all services
2026-03-25 20:20:22,038 - health_logger - INFO - Recorded service statuses: {'receiver': 'Up', 'storage': 'Up', 'processing': 'Up', 'analyzer': 'Up', 'last_update': '2026-03-25T20:20:22'}
2026-03-25 20:20:52,033 - health_logger - INFO - Starting health check for all services
2026-03-25 20:20:52,090 - health_logger - INFO - Recorded service statuses: {'receiver': 'Up', 'storage': 'Up', 'processing': 'Up', 'analyzer': 'Up', 'last_update': '2026-03-25T20:20:52'}
2026-03-25 20:21:22,005 - health_logger - INFO - Starting health check for all services
2026-03-25 20:21:22,022 - health_logger - INFO - Recorded service statuses: {'receiver': 'Up', 'storage': 'Up', 'processing': 'Up', 'analyzer': 'Up', 'last_update': '2026-03-25T20:21:22'}
2026-03-25 20:21:52,003 - health_logger - INFO - Starting health check for all services
2026-03-25 20:21:52,083 - health_logger - INFO - Recorded service statuses: {'receiver': 'Up', 'storage': 'Up', 'processing': 'Up', 'analyzer': 'Up', 'last_update': '2026-03-25T20:21:52'}
2026-03-25 20:22:22,002 - health_logger - INFO - Starting health check for all services
2026-03-25 20:22:22,021 - health_logger - INFO - Recorded service statuses: {'receiver': 'Up', 'storage': 'Up', 'processing': 'Up', 'analyzer': 'Up', 'last_update': '2026-03-25T20:22:22'}
2026-03-25 20:22:51,999 - health_logger - INFO - Starting health check for all services
2026-03-25 20:22:52,019 - health_logger - INFO - Recorded service statuses: {'receiver': 'Up', 'storage': 'Up', 'processing': 'Up', 'analyzer': 'Up', 'last_update': '2026-03-25T20:22:52'}
2026-03-25 20:23:22,005 - health_logger - INFO - Starting health check for all services
2026-03-25 20:23:22,072 - health_logger - INFO - Recorded service statuses: {'receiver': 'Up', 'storage': 'Up', 'processing': 'Up', 'analyzer': 'Up', 'last_update': '2026-03-25T20:23:22'}
2026-03-25 20:23:52,001 - health_logger - INFO - Starting health check for all services
2026-03-25 20:23:52,025 - health_logger - INFO - Recorded service statuses: {'receiver': 'Up', 'storage': 'Up', 'processing': 'Up', 'analyzer': 'Up', 'last_update': '2026-03-25T20:23:52'}
2026-03-25 20:24:22,001 - health_logger - INFO - Starting health check for all services
2026-03-25 20:24:22,042 - health_logger - INFO - Recorded service statuses: {'receiver': 'Up', 'storage': 'Up', 'processing': 'Up', 'analyzer': 'Up', 'last_update': '2026-03-25T20:24:22'}
2026-03-25 20:24:52,002 - health_logger - INFO - Starting health check for all services
2026-03-25 20:24:52,022 - health_logger - INFO - Recorded service statuses: {'receiver': 'Up', 'storage': 'Up', 'processing': 'Up', 'analyzer': 'Up', 'last_update': '2026-03-25T20:24:52'}
2026-03-25 20:25:22,001 - health_logger - INFO - Starting health check for all services
2026-03-25 20:25:22,019 - health_logger - INFO - Recorded service statuses: {'receiver': 'Up', 'storage': 'Up', 'processing': 'Up', 'analyzer': 'Up', 'last_update': '2026-03-25T20:25:22'}
2026-03-25 20:25:52,003 - health_logger - INFO - Starting health check for all services
2026-03-25 20:25:52,071 - health_logger - INFO - Recorded service statuses: {'receiver': 'Up', 'storage': 'Up', 'processing': 'Up', 'analyzer': 'Up', 'last_update': '2026-03-25T20:25:52'}
2026-03-25 20:26:22,026 - health_logger - INFO - Starting health check for all services
2026-03-25 20:26:22,050 - health_logger - INFO - Recorded service statuses: {'receiver': 'Up', 'storage': 'Up', 'processing': 'Up', 'analyzer': 'Up', 'last_update': '2026-03-25T20:26:22'}
