2026-03-25 16:10:03,216 - basicLogger - INFO - Received shot batch event with trace id 70aca4e3-b254-4e60-8971-895f3ba75f99
2026-03-25 16:10:03,239 - basicLogger - INFO - Received penalty batch event with trace id 4b0d02bd-d612-481d-a2ae-df1ec744618f
2026-03-25 16:10:03,246 - basicLogger - INFO - Received shot batch event with trace id 4e352eb4-17da-4b91-89ba-8a565b9601a9
2026-03-25 16:10:03,253 - basicLogger - INFO - Received penalty batch event with trace id eb2fed82-aa54-43f4-a92b-339a0c1ade34
2026-03-25 16:10:03,259 - basicLogger - INFO - Received shot batch event with trace id 2fe1ff22-802d-46d3-93a5-4f9ac9ca49d3
2026-03-25 16:10:03,266 - basicLogger - INFO - Received penalty batch event with trace id d3b9f99c-a5ad-4912-ae90-480dcd225469
2026-03-25 16:10:03,272 - basicLogger - INFO - Received shot batch event with trace id 243991ae-6168-491d-8c14-90e86e826664
2026-03-25 16:10:03,278 - basicLogger - INFO - Received penalty batch event with trace id 59ad90bb-c49e-4e01-9e8d-0e5b61dd55c0
2026-03-25 16:10:03,285 - basicLogger - INFO - Received shot batch event with trace id 0960f0e1-d9c4-4189-ba75-8db6068e27d7
2026-03-25 16:10:03,291 - basicLogger - INFO - Received penalty batch event with trace id b36885a9-108b-4f77-a98b-a63b35ce23e9
2026-03-25 16:10:03,298 - basicLogger - INFO - Received shot batch event with trace id 18eefbaf-70bf-465a-b518-c9f952540280
2026-03-25 16:10:03,303 - basicLogger - INFO - Received penalty batch event with trace id 07606d4d-7e06-4548-bbe9-7088279c23a3
2026-03-25 16:10:03,311 - basicLogger - INFO - Received shot batch event with trace id f1fbcfbf-f5a9-4360-a4cf-1da009e2b38f
2026-03-25 16:10:03,317 - basicLogger - INFO - Received penalty batch event with trace id 27665a48-7bf4-4d1c-ad76-6ac198a1e37d
2026-03-25 16:10:03,324 - basicLogger - INFO - Received shot batch event with trace id 779d16e9-a354-4e5b-922e-8419a75cf823
2026-03-25 16:10:03,328 - basicLogger - INFO - Received penalty batch event with trace id d3778586-4fcf-4fd7-8ce7-ca33552c62ae
2026-03-25 16:10:03,335 - basicLogger - INFO - Received shot batch event with trace id 176e21db-18f7-4cf5-99b4-111e68f25068
2026-03-25 16:10:03,341 - basicLogger - INFO - Received penalty batch event with trace id 930a4896-1cfb-4f8d-b5cf-a9304779254c
2026-03-25 16:10:03,348 - basicLogger - INFO - Received shot batch event with trace id 85b0aeb6-2eaf-4b43-b230-74ef473b190b
2026-03-25 16:10:03,354 - basicLogger - INFO - Received penalty batch event with trace id 7bb72997-f58d-4739-9182-fc61cdba34a4
2026-03-25 16:10:03,407 - basicLogger - INFO - Received shot batch event with trace id 89734ca1-b78c-43f5-ab68-1f62077ed3a5
2026-03-25 16:10:03,433 - basicLogger - INFO - Received penalty batch event with trace id 2c218872-ebc3-46c0-867c-a7441f4af293
2026-03-25 16:10:03,441 - basicLogger - INFO - Received shot batch event with trace id 584ea790-c217-4d56-930e-8afc6d7be786
2026-03-25 16:10:03,447 - basicLogger - INFO - Received penalty batch event with trace id be789da9-0c04-4037-93cd-6212c4d33c48
2026-03-25 16:10:03,453 - basicLogger - INFO - Received shot batch event with trace id d8897872-c691-4db6-8477-efa48f8d5fda
2026-03-25 16:10:03,459 - basicLogger - INFO - Received penalty batch event with trace id 86ac9cca-2b5c-490e-a1d9-3bb35657288e
2026-03-25 16:10:03,465 - basicLogger - INFO - Received shot batch event with trace id aa30590f-7174-4407-9ae3-9d17f74e47ff
2026-03-25 16:10:03,472 - basicLogger - INFO - Received penalty batch event with trace id b3489156-2101-45a5-8013-5ca6b343438a
2026-03-25 16:10:03,480 - basicLogger - INFO - Received shot batch event with trace id 75d48034-6dc3-454d-bc46-f145c3b3b7ac
2026-03-25 16:10:03,486 - basicLogger - INFO - Received penalty batch event with trace id e43a36a7-38bf-41fc-ad14-c6238a10db11
2026-03-25 16:10:03,493 - basicLogger - INFO - Received shot batch event with trace id cc57cce8-0d02-4431-944a-6685aca288f6
2026-03-25 16:10:03,500 - basicLogger - INFO - Received penalty batch event with trace id 8199712b-1a1f-45ce-a20b-af13129b85dc
2026-03-25 16:10:03,507 - basicLogger - INFO - Received shot batch event with trace id 964d4920-7eb4-420b-8e1c-4a104cb5af53
2026-03-25 16:10:03,514 - basicLogger - INFO - Received penalty batch event with trace id 01c345b4-f721-4b0e-b7ec-c262dd2602d7
2026-03-25 16:10:03,520 - basicLogger - INFO - Received shot batch event with trace id 56dc4577-d5d2-483d-88da-2968e5482feb
2026-03-25 16:10:03,527 - basicLogger - INFO - Received penalty batch event with trace id 736b57c6-76be-4f35-83b3-70200bb04f8a
2026-03-25 16:10:03,533 - basicLogger - INFO - Received shot batch event with trace id b5dabba2-fc23-4bbe-9781-058c20aa5c15
2026-03-25 16:10:03,540 - basicLogger - INFO - Received penalty batch event with trace id 86d1873d-8102-4ec0-8a77-d7ec5e4a8d52
2026-03-25 16:10:03,548 - basicLogger - INFO - Received shot batch event with trace id 610f5571-d5b0-438b-85d0-9f0aef94c2f5
2026-03-25 16:10:03,557 - basicLogger - INFO - Received penalty batch event with trace id f2d9d799-0c6b-4c50-8ad0-30059c3403ba
2026-03-25 16:10:03,612 - basicLogger - INFO - Received shot batch event with trace id 8c77bb9d-48ba-46d3-8ecc-311ab202f087
2026-03-25 16:10:03,622 - basicLogger - INFO - Received penalty batch event with trace id ed27b8b5-a522-4c03-be39-5f9e48b3626b
2026-03-25 16:10:03,635 - basicLogger - INFO - Received shot batch event with trace id ec40ca19-4ec6-426b-a8d1-a83b9cf2ac88
2026-03-25 16:10:03,647 - basicLogger - INFO - Received penalty batch event with trace id ef592727-5767-4583-9dd2-a4a715ff1c2c
2026-03-25 16:10:03,660 - basicLogger - INFO - Received shot batch event with trace id 35826260-ea57-4b00-be88-5d6be25b20c9
2026-03-25 16:10:03,671 - basicLogger - INFO - Received penalty batch event with trace id 7c6786b3-5104-42f4-bc7f-f8f13f12c3d1
2026-03-25 16:10:03,681 - basicLogger - INFO - Received shot batch event with trace id 4e2b09cc-2872-4d0b-a0c4-9abe9d9a230b
2026-03-25 16:10:03,691 - basicLogger - INFO - Received penalty batch event with trace id cd9a0568-870d-49b3-93bb-7a402fc44326
2026-03-25 16:10:03,703 - basicLogger - INFO - Received shot batch event with trace id 3eb7af12-ca65-4f2e-9552-532765d249d5
2026-03-25 16:10:03,714 - basicLogger - INFO - Received penalty batch event with trace id b006e031-1577-4676-a3f7-760a8c103dbb
2026-03-25 16:10:03,723 - basicLogger - INFO - Received shot batch event with trace id bd5ce6da-ad85-4fb9-b6dd-279b1bc2d567
2026-03-25 16:10:03,733 - basicLogger - INFO - Received penalty batch event with trace id 100ef81d-e688-45e3-8293-a5d4193aa93a
2026-03-25 16:10:03,741 - basicLogger - INFO - Received shot batch event with trace id 3ace2d16-8236-4c5f-8dcc-2690ea2be38f
2026-03-25 16:10:03,750 - basicLogger - INFO - Received penalty batch event with trace id b5b1293b-8b4e-44da-92fd-f867b843b756
2026-03-25 16:10:03,758 - basicLogger - INFO - Received shot batch event with trace id e27eac2a-59cc-48b9-8b4f-a14515994d3c
2026-03-25 16:10:03,768 - basicLogger - INFO - Received penalty batch event with trace id 6fd1b5a8-1d78-4cbf-a512-b2b25972c3bf
2026-03-25 16:10:03,779 - basicLogger - INFO - Received shot batch event with trace id 71e56283-7892-4634-9aa9-0cb3566032aa
2026-03-25 16:10:03,789 - basicLogger - INFO - Received penalty batch event with trace id cf136858-3b17-45f9-99d5-8bff5922f73c
2026-03-25 16:10:03,798 - basicLogger - INFO - Received shot batch event with trace id 06edbdac-ac26-488e-91cf-16913cac0d40
2026-03-25 16:10:03,807 - basicLogger - INFO - Received penalty batch event with trace id 9b32f5ca-e372-4866-bb78-6489c5fd44ab
2026-03-25 16:10:03,815 - basicLogger - INFO - Received shot batch event with trace id bb75ed55-11fc-4e85-9d7a-8d4118005512
2026-03-25 16:10:03,823 - basicLogger - INFO - Received penalty batch event with trace id a8c34289-9340-4efa-b10b-24e1e191acff
2026-03-25 16:10:03,832 - basicLogger - INFO - Received shot batch event with trace id 55b092b1-3414-4b59-9fc8-5ff29e249df1
2026-03-25 16:10:03,838 - basicLogger - INFO - Received penalty batch event with trace id 3906751f-2c98-44a4-8486-42adb4980d26
2026-03-25 16:10:03,849 - basicLogger - INFO - Received shot batch event with trace id bfb146a8-f673-41fb-978d-bbed954b09e5
2026-03-25 16:10:03,857 - basicLogger - INFO - Received penalty batch event with trace id 1eb4dce9-cb11-49ba-8739-db6d9b18b0dd
2026-03-25 16:10:03,865 - basicLogger - INFO - Received shot batch event with trace id b311fa8e-478f-4e38-9a2c-74796257ee8f
2026-03-25 16:10:03,872 - basicLogger - INFO - Received penalty batch event with trace id ccdfdec6-30f4-4531-b551-377e2a4a295a
2026-03-25 16:10:03,879 - basicLogger - INFO - Received shot batch event with trace id 40b6494d-4f44-49ff-827e-540253c8e0ec
2026-03-25 16:10:03,886 - basicLogger - INFO - Received penalty batch event with trace id 0b510334-7db6-408c-af10-f208e1cbc500
2026-03-25 16:10:03,893 - basicLogger - INFO - Received shot batch event with trace id 6358e324-8ccf-4b7d-a608-f4897cf83461
2026-03-25 16:10:03,900 - basicLogger - INFO - Received penalty batch event with trace id ae6e0036-0c0f-47e2-890d-19694aedb1e0
2026-03-25 16:10:03,906 - basicLogger - INFO - Received shot batch event with trace id d34c23b4-3025-400a-a192-fb2dd8f6ff2f
2026-03-25 16:10:03,912 - basicLogger - INFO - Received penalty batch event with trace id 8aac24b9-5068-4791-8fab-3b95a9631b36
2026-03-25 16:10:03,946 - basicLogger - INFO - Received shot batch event with trace id 1f0a07d1-9b32-4a56-a216-fb99766e1679
2026-03-25 16:10:03,953 - basicLogger - INFO - Received penalty batch event with trace id c26b84cc-4bc2-4661-9569-acc5ad0524e2
2026-03-25 16:10:03,960 - basicLogger - INFO - Received shot batch event with trace id b377f9b7-6365-42ef-8a89-ae9aa10fc320
2026-03-25 16:10:03,967 - basicLogger - INFO - Received penalty batch event with trace id c8188672-de6f-4e00-a904-c183487517a2
2026-03-25 16:10:03,973 - basicLogger - INFO - Received shot batch event with trace id 587e71fe-18e1-4cfb-bcc3-ed0ff14eae70
2026-03-25 16:10:03,980 - basicLogger - INFO - Received penalty batch event with trace id d47b7152-266d-4e25-83ca-dfaa716d90de
2026-03-25 16:10:04,009 - basicLogger - INFO - Received shot batch event with trace id 2fb52dfe-d31d-44f6-8442-b4b9d6369934
2026-03-25 16:10:04,015 - basicLogger - INFO - Received penalty batch event with trace id e6f7c76d-055a-4409-9461-f055a16a2189
2026-03-25 16:10:04,021 - basicLogger - INFO - Received shot batch event with trace id aecbb1ff-7d75-43be-9f4d-8067ca6a1ca8
2026-03-25 16:10:04,027 - basicLogger - INFO - Received penalty batch event with trace id 3578f905-3301-4841-8c1d-be3e35b7c1ec
2026-03-25 16:10:04,035 - basicLogger - INFO - Received shot batch event with trace id 303ad8e3-a5b8-41ea-8b65-48f103e36393
2026-03-25 16:10:04,042 - basicLogger - INFO - Received penalty batch event with trace id c5c29800-708e-4824-ba9c-d29f1e770f19
2026-03-25 16:10:04,050 - basicLogger - INFO - Received shot batch event with trace id ed3bacc3-b47d-4997-8adb-a05ee10eb18d
2026-03-25 16:10:04,059 - basicLogger - INFO - Received penalty batch event with trace id bd79f414-2113-4f7a-8412-21e4069fa6c1
2026-03-25 16:10:04,067 - basicLogger - INFO - Received shot batch event with trace id 86344a47-d528-4673-8a7a-6838697579ee
2026-03-25 16:10:04,073 - basicLogger - INFO - Received penalty batch event with trace id c754d665-d64c-4b6f-8c55-0cc6faffa740
2026-03-25 16:10:04,080 - basicLogger - INFO - Received shot batch event with trace id 7f0d62ce-ae99-404f-942a-44bab5c2e762
2026-03-25 16:10:04,085 - basicLogger - INFO - Received penalty batch event with trace id 17b439d9-e3a8-4910-86b0-8feb2fc87349
2026-03-25 16:10:04,091 - basicLogger - INFO - Received shot batch event with trace id 9d78b4ae-bec5-4634-9e36-be756ebe068b
2026-03-25 16:10:04,098 - basicLogger - INFO - Received penalty batch event with trace id d970ed79-3aef-44a7-b1d9-fe87c1ec6c19
2026-03-25 16:10:04,104 - basicLogger - INFO - Received shot batch event with trace id 155353fe-5520-4ea1-9545-8dc13e543b71
2026-03-25 16:10:04,110 - basicLogger - INFO - Received penalty batch event with trace id e451f276-2d31-42ce-8464-f6a41cb6153a
2026-03-25 16:10:04,116 - basicLogger - INFO - Received shot batch event with trace id 71bae6f1-3fef-44fb-9773-d5cd16fc579e
2026-03-25 16:10:04,121 - basicLogger - INFO - Received penalty batch event with trace id d976ba88-1a90-40de-b4d3-91c646c9abec
2026-03-25 16:10:04,127 - basicLogger - INFO - Received shot batch event with trace id e7c5dce1-c92a-48a7-8eea-c2f3a532f46e
2026-03-25 16:10:04,133 - basicLogger - INFO - Received penalty batch event with trace id 0e62a87a-5d4f-49ca-b7cd-e2296260d93e
2026-03-25 18:54:57,846 - basicLogger - INFO - Received shot batch event with trace id 11e55a1b-be36-497e-8e05-8c0f9865182d
2026-03-25 18:54:57,906 - basicLogger - INFO - Received penalty batch event with trace id d54794cd-a289-4124-99b9-45b012460b4a
2026-03-25 18:54:57,913 - basicLogger - INFO - Received shot batch event with trace id 43982f4b-c3f7-4630-ada0-72feddce0586
2026-03-25 18:54:57,920 - basicLogger - INFO - Received penalty batch event with trace id eec51957-8492-4f9e-baec-48b6982d5ce2
2026-03-25 18:54:57,926 - basicLogger - INFO - Received shot batch event with trace id 38c77682-0297-4a87-bd8b-66142165ccce
2026-03-25 18:54:57,932 - basicLogger - INFO - Received penalty batch event with trace id 4d1ef90b-eecb-4099-a000-7f0447af69ce
2026-03-25 18:54:57,938 - basicLogger - INFO - Received shot batch event with trace id 91372606-44ea-4260-969e-ae2f36f275ac
2026-03-25 18:54:57,944 - basicLogger - INFO - Received penalty batch event with trace id e39a0d38-dc40-4d1f-9fce-97d707acbd8c
2026-03-25 18:54:57,950 - basicLogger - INFO - Received shot batch event with trace id ef6e925a-c8d8-4fd7-8c5b-01943f7c4bab
2026-03-25 18:54:57,955 - basicLogger - INFO - Received penalty batch event with trace id 749ff551-5642-4489-aa38-5b33e7bc3e05
2026-03-25 18:54:57,961 - basicLogger - INFO - Received shot batch event with trace id eca00ae9-fc1c-4820-b603-c5412e00748f
2026-03-25 18:54:57,967 - basicLogger - INFO - Received penalty batch event with trace id fefce1f1-ee97-4e99-8c0c-a193cf4a2893
2026-03-25 18:54:57,974 - basicLogger - INFO - Received shot batch event with trace id bacb5445-a8c5-40d6-bf15-9a2e1142b3fb
2026-03-25 18:54:57,979 - basicLogger - INFO - Received penalty batch event with trace id 29b2a641-97fa-4cca-b9eb-e5f4aa7bff77
2026-03-25 18:54:57,985 - basicLogger - INFO - Received shot batch event with trace id 4c1faf71-1aa1-42bf-842c-8c98890dae91
2026-03-25 18:54:57,990 - basicLogger - INFO - Received penalty batch event with trace id bd86f62c-4f2d-40e1-8815-aa0ce6fc8de1
2026-03-25 18:54:57,997 - basicLogger - INFO - Received shot batch event with trace id a5eee4aa-4aed-4e96-b4e0-16d09ac45866
2026-03-25 18:54:58,002 - basicLogger - INFO - Received penalty batch event with trace id bece8fae-93de-4805-aa17-517fe8ea9525
2026-03-25 18:54:58,008 - basicLogger - INFO - Received shot batch event with trace id 91758fbf-14a6-4778-b80a-46fe30348ecc
2026-03-25 18:54:58,013 - basicLogger - INFO - Received penalty batch event with trace id 1c77338e-9331-4b9b-9085-49b86fbc1799
2026-03-25 18:54:58,040 - basicLogger - INFO - Received shot batch event with trace id 4319e9dc-d9c0-4e5c-9aa8-1fbe1393e140
2026-03-25 18:54:58,047 - basicLogger - INFO - Received penalty batch event with trace id 24b23a81-dd47-4358-bfd4-114d14297e9e
2026-03-25 18:54:58,052 - basicLogger - INFO - Received shot batch event with trace id 4cbdf72c-ceb7-43d5-ad3d-e2f8a1afe8f6
2026-03-25 18:54:58,058 - basicLogger - INFO - Received penalty batch event with trace id 7ffd106f-22ba-4260-8046-85703d908ee9
2026-03-25 18:54:58,063 - basicLogger - INFO - Received shot batch event with trace id 1318be69-a05b-4150-9f72-cc9fc0c6a83f
2026-03-25 18:54:58,069 - basicLogger - INFO - Received penalty batch event with trace id c0c9a3e0-bec6-4f0d-9e88-d1a24571fb35
2026-03-25 18:54:58,074 - basicLogger - INFO - Received shot batch event with trace id 6b8ad93a-ec1e-48b7-8288-a43d9abf54bf
2026-03-25 18:54:58,079 - basicLogger - INFO - Received penalty batch event with trace id 265b8d7a-53ba-4dd6-9202-ba8537caeed4
2026-03-25 18:54:58,084 - basicLogger - INFO - Received shot batch event with trace id 6cad58e4-10c6-4d8d-a335-183b031e6e1e
2026-03-25 18:54:58,090 - basicLogger - INFO - Received penalty batch event with trace id 17017170-61dd-44b5-9774-22487f23a608
2026-03-25 18:54:58,097 - basicLogger - INFO - Received shot batch event with trace id cbe7b79e-9624-4a80-89dc-e859f5ec80d8
2026-03-25 18:54:58,102 - basicLogger - INFO - Received penalty batch event with trace id 00a22eeb-0abd-4c91-bf0e-d1ecfefe3c17
2026-03-25 18:54:58,108 - basicLogger - INFO - Received shot batch event with trace id 0525c2a3-d294-48de-b4ce-f99e4c65ad1a
2026-03-25 18:54:58,113 - basicLogger - INFO - Received penalty batch event with trace id 13a6b12a-bd34-4cf2-829e-f589ce057075
2026-03-25 18:54:58,117 - basicLogger - INFO - Received shot batch event with trace id 0ea32aab-baf5-4c7c-bbbf-2d5a92bb9b14
2026-03-25 18:54:58,123 - basicLogger - INFO - Received penalty batch event with trace id 804884a1-197e-44c9-b8cb-555ac8d1f8a8
2026-03-25 18:54:58,128 - basicLogger - INFO - Received shot batch event with trace id c304bbfe-c412-459c-9bb6-0da20d5aa37f
2026-03-25 18:54:58,134 - basicLogger - INFO - Received penalty batch event with trace id 320c6050-e5a6-47b3-9fcb-bd5dad354ba9
2026-03-25 18:54:58,140 - basicLogger - INFO - Received shot batch event with trace id 951fee02-6189-4ff9-a095-7b86250416a3
2026-03-25 18:54:58,145 - basicLogger - INFO - Received penalty batch event with trace id 97bc089e-7581-4717-80a5-1887175dbd59
2026-03-25 18:54:58,239 - basicLogger - INFO - Received shot batch event with trace id 962ec202-fd48-4f60-8e2a-762b2e6b1a16
2026-03-25 18:54:58,244 - basicLogger - INFO - Received penalty batch event with trace id bc65ce89-7f8d-429d-9da4-222b6c12ae66
2026-03-25 18:54:58,249 - basicLogger - INFO - Received shot batch event with trace id a1a1d360-49ab-43e0-90bd-85e37c06ea2e
2026-03-25 18:54:58,253 - basicLogger - INFO - Received penalty batch event with trace id 29298a29-6b6c-450a-a34e-df8a161f9d5d
2026-03-25 18:54:58,258 - basicLogger - INFO - Received shot batch event with trace id 457d146e-f6fe-4f9f-82f0-1fbe76b7a21a
2026-03-25 18:54:58,263 - basicLogger - INFO - Received penalty batch event with trace id ce2cdd37-9e04-4f9b-b224-6b748454bc87
2026-03-25 18:54:58,268 - basicLogger - INFO - Received shot batch event with trace id d99240ee-4fe9-42aa-93e7-ddcca850f5b8
2026-03-25 18:54:58,273 - basicLogger - INFO - Received penalty batch event with trace id 80a26bca-6af9-4fc5-8118-749d3d58818f
2026-03-25 18:54:58,278 - basicLogger - INFO - Received shot batch event with trace id e9016815-06d4-4e64-ac6d-be2f22575ab7
2026-03-25 18:54:58,283 - basicLogger - INFO - Received penalty batch event with trace id 1e607d2a-228b-46d1-911d-01ac093c59ed
2026-03-25 18:54:58,288 - basicLogger - INFO - Received shot batch event with trace id e229e727-9b55-44e7-8fdc-7a9d1b061f68
2026-03-25 18:54:58,292 - basicLogger - INFO - Received penalty batch event with trace id 62ca1593-7321-434b-901e-bc9f04d23551
2026-03-25 18:54:58,297 - basicLogger - INFO - Received shot batch event with trace id 9a8155a0-7876-45ea-aa9a-bac191cf5d3d
2026-03-25 18:54:58,301 - basicLogger - INFO - Received penalty batch event with trace id 62823172-b9e4-45b6-b22a-21640a3baa5b
2026-03-25 18:54:58,307 - basicLogger - INFO - Received shot batch event with trace id b80ffc54-85ea-43fc-89e6-e499d963f4fb
2026-03-25 18:54:58,311 - basicLogger - INFO - Received penalty batch event with trace id 7f82aa63-2875-4a42-9b68-014af05d578a
2026-03-25 18:54:58,316 - basicLogger - INFO - Received shot batch event with trace id 748b7fd0-52be-4228-a4ce-b5f3f73a6f78
2026-03-25 18:54:58,320 - basicLogger - INFO - Received penalty batch event with trace id 81a3db45-64ea-4766-b9f8-c1818ce328cb
2026-03-25 18:54:58,325 - basicLogger - INFO - Received shot batch event with trace id 1353b1f0-efde-496c-ba21-d811f293ebc4
2026-03-25 18:54:58,330 - basicLogger - INFO - Received penalty batch event with trace id b5edc009-5e4e-4215-b821-c1ce56f5ea97
2026-03-25 18:54:58,441 - basicLogger - INFO - Received shot batch event with trace id ba5d4b8b-fc7f-4373-a4d8-514ab8d667b3
2026-03-25 18:54:58,445 - basicLogger - INFO - Received penalty batch event with trace id 1204d239-ff18-4603-abdc-b2a6a4635e64
2026-03-25 18:54:58,450 - basicLogger - INFO - Received shot batch event with trace id 20575707-4205-42bb-bff4-b471663a4fe9
2026-03-25 18:54:58,454 - basicLogger - INFO - Received penalty batch event with trace id 1fc2650c-78b1-4c10-9baf-9de0958b36f6
2026-03-25 18:54:58,459 - basicLogger - INFO - Received shot batch event with trace id e830942d-d1e4-4986-a641-ad3068c655bb
2026-03-25 18:54:58,464 - basicLogger - INFO - Received penalty batch event with trace id 68cf2bca-40a5-4aa1-97e1-b5765c23a81c
2026-03-25 18:54:58,469 - basicLogger - INFO - Received shot batch event with trace id 7c43d23d-3893-4272-ba23-f7db3f852944
2026-03-25 18:54:58,473 - basicLogger - INFO - Received penalty batch event with trace id 74114671-fbd6-430a-8a86-c6c3e32a5142
2026-03-25 18:54:58,476 - basicLogger - INFO - Received shot batch event with trace id a4255a6b-2552-412b-be81-ae62a4232dec
2026-03-25 18:54:58,480 - basicLogger - INFO - Received penalty batch event with trace id de6e8892-bd68-49fb-b14a-cee878198c7d
2026-03-25 18:54:58,484 - basicLogger - INFO - Received shot batch event with trace id b6a633ac-2183-43ca-90d8-a626f410e5dd
2026-03-25 18:54:58,489 - basicLogger - INFO - Received penalty batch event with trace id b3350c72-1400-41bb-9b35-4db9d7f6d02c
2026-03-25 18:54:58,493 - basicLogger - INFO - Received shot batch event with trace id 93cf874a-427e-44d8-913e-227fdadc528f
2026-03-25 18:54:58,499 - basicLogger - INFO - Received penalty batch event with trace id d27a08b2-5c4b-4eef-9790-a04db0bc5121
2026-03-25 18:54:58,504 - basicLogger - INFO - Received shot batch event with trace id 13304e27-0c53-4f15-9913-7140e0b5086e
2026-03-25 18:54:58,508 - basicLogger - INFO - Received penalty batch event with trace id 3cdefbb4-26bd-49ef-9501-3222e0d7737e
2026-03-25 18:54:58,512 - basicLogger - INFO - Received shot batch event with trace id bf2ccfe0-7f01-4a2e-b573-6d287b07a8d1
2026-03-25 18:54:58,517 - basicLogger - INFO - Received penalty batch event with trace id c681ffd6-95be-48e3-9bbd-cf7a59728ff1
2026-03-25 18:54:58,522 - basicLogger - INFO - Received shot batch event with trace id 58453209-c89b-43d2-852d-ba28b74c0486
2026-03-25 18:54:58,526 - basicLogger - INFO - Received penalty batch event with trace id 9682c80b-0cce-4513-9edd-f3ce2aa3d14c
2026-03-25 18:54:58,640 - basicLogger - INFO - Received shot batch event with trace id 3f30e0a5-20d7-4fe3-9ff9-f232cbf99d98
2026-03-25 18:54:58,645 - basicLogger - INFO - Received penalty batch event with trace id 4d27bd62-41b2-402a-b7b0-5b1a4b107b8d
2026-03-25 18:54:58,649 - basicLogger - INFO - Received shot batch event with trace id 956eb142-2a9d-454b-823d-08491d296f8c
2026-03-25 18:54:58,688 - basicLogger - INFO - Received penalty batch event with trace id 77590cd2-7443-491c-9270-650b6d4bfce0
2026-03-25 18:54:58,696 - basicLogger - INFO - Received shot batch event with trace id 36f840fd-fa4e-4e14-ae70-5057b4c517b9
2026-03-25 18:54:58,704 - basicLogger - INFO - Received penalty batch event with trace id b24d97ba-9e30-41ad-beab-9bb319010015
2026-03-25 18:54:58,709 - basicLogger - INFO - Received shot batch event with trace id 89a26e93-9ba9-4a78-98e8-4585a1ec2286
2026-03-25 18:54:58,715 - basicLogger - INFO - Received penalty batch event with trace id dd2d0c1f-8ab1-44b7-9a98-0b509aad7f2b
2026-03-25 18:54:58,720 - basicLogger - INFO - Received shot batch event with trace id 1e527c3d-726b-41ea-8c25-b55f930601ec
2026-03-25 18:54:58,727 - basicLogger - INFO - Received penalty batch event with trace id c66dcdf0-5e6e-4bf2-a409-2f829eccd165
2026-03-25 18:54:58,733 - basicLogger - INFO - Received shot batch event with trace id de2d6a9a-8034-4d22-b8f2-eec3e99176c2
2026-03-25 18:54:58,738 - basicLogger - INFO - Received penalty batch event with trace id 75978ed5-b8c7-4fc2-8a67-3c6ef6179545
2026-03-25 18:54:58,743 - basicLogger - INFO - Received shot batch event with trace id 67b5ca34-fbab-4904-a68b-f1aec5841856
2026-03-25 18:54:58,749 - basicLogger - INFO - Received penalty batch event with trace id 7c1697c6-a93f-4ac6-811a-5aa2eaf73062
2026-03-25 18:54:58,756 - basicLogger - INFO - Received shot batch event with trace id 1da13048-0824-4903-bcdc-3030753c7b95
2026-03-25 18:54:58,761 - basicLogger - INFO - Received penalty batch event with trace id e0f12c10-26a8-4983-b867-784a7d96fca2
2026-03-25 18:54:58,768 - basicLogger - INFO - Received shot batch event with trace id 0b1f5950-c6a3-4006-850f-7ef7d2201dbc
2026-03-25 18:54:58,774 - basicLogger - INFO - Received penalty batch event with trace id ba661075-eeab-469f-91ac-e86611fc89d3
2026-03-25 18:54:58,780 - basicLogger - INFO - Received shot batch event with trace id 9931ae67-7a6c-4240-be9e-31ec9252daee
2026-03-25 18:54:58,785 - basicLogger - INFO - Received penalty batch event with trace id ce54a1f7-c06c-4bb8-8a2d-9df3a2c1fb89
2026-03-25 19:01:39,957 - basicLogger - INFO - Received shot batch event with trace id b7f799d0-6d72-4f38-8fb1-9acea481e4e3
2026-03-25 19:01:39,993 - basicLogger - INFO - Received penalty batch event with trace id 29b95437-f8f8-4cca-856f-5091be41d1ee
2026-03-25 19:01:40,000 - basicLogger - INFO - Received shot batch event with trace id 8cb7531a-d374-4d4e-84e5-dbcd6a969e79
2026-03-25 19:01:40,005 - basicLogger - INFO - Received penalty batch event with trace id 2c69e494-2199-4d05-8201-a3ebf03df7bc
2026-03-25 19:01:40,010 - basicLogger - INFO - Received shot batch event with trace id 52088c91-4c9f-4452-ad0f-37172bdb3437
2026-03-25 19:01:40,016 - basicLogger - INFO - Received penalty batch event with trace id 07839ea8-14f5-4754-9509-b411b05ff765
2026-03-25 19:01:40,020 - basicLogger - INFO - Received shot batch event with trace id 952e9573-c479-4eca-a1a0-f6ae5a4fe1c8
2026-03-25 19:01:40,025 - basicLogger - INFO - Received penalty batch event with trace id 521d971a-4703-4a0c-a61a-14da017bea0e
2026-03-25 19:01:40,029 - basicLogger - INFO - Received shot batch event with trace id 1750868f-803c-42e4-966a-ca320ed1fef0
2026-03-25 19:01:40,034 - basicLogger - INFO - Received penalty batch event with trace id 39a081c7-b691-4b09-822f-01f33ced3d3a
2026-03-25 19:01:40,039 - basicLogger - INFO - Received shot batch event with trace id 968d50e4-4da6-4b5b-9852-37035b37a748
2026-03-25 19:01:40,044 - basicLogger - INFO - Received penalty batch event with trace id 7949cf04-3b91-42b3-af29-04c3f07c30e8
2026-03-25 19:01:40,049 - basicLogger - INFO - Received shot batch event with trace id 2a8df49e-2994-49a4-be74-e4f31c1eeebb
2026-03-25 19:01:40,054 - basicLogger - INFO - Received penalty batch event with trace id 8f0b162b-c846-4924-a2a9-17708c6fe68d
2026-03-25 19:01:40,059 - basicLogger - INFO - Received shot batch event with trace id 1833775c-3a91-4010-86d2-f1954bd1b947
2026-03-25 19:01:40,063 - basicLogger - INFO - Received penalty batch event with trace id 22dc1097-576d-456c-8a16-48ba2a5f638d
2026-03-25 19:01:40,069 - basicLogger - INFO - Received shot batch event with trace id b037bb8a-7fae-4708-94af-3c97426e13f3
2026-03-25 19:01:40,073 - basicLogger - INFO - Received penalty batch event with trace id f0610b9c-2431-47e0-900b-81b909f9b874
2026-03-25 19:01:40,077 - basicLogger - INFO - Received shot batch event with trace id 4487c61a-ac7d-483a-953e-0bca92d2d5cb
2026-03-25 19:01:40,082 - basicLogger - INFO - Received penalty batch event with trace id 2c6e5a59-68be-4f7c-9810-32ad25816b91
2026-03-25 19:01:40,152 - basicLogger - INFO - Received shot batch event with trace id 4aa70331-b4a5-49f8-9136-24fae065aecc
2026-03-25 19:01:40,158 - basicLogger - INFO - Received penalty batch event with trace id 10006cbc-8a78-4762-b136-67750722c7d5
2026-03-25 19:01:40,163 - basicLogger - INFO - Received shot batch event with trace id bd5cd104-a944-4e1f-be69-214c59059330
2026-03-25 19:01:40,169 - basicLogger - INFO - Received penalty batch event with trace id 0f89ca71-ee79-4851-b0e1-3e79f31a8999
2026-03-25 19:01:40,173 - basicLogger - INFO - Received shot batch event with trace id aafb2254-1add-487c-a90d-983e3fc9ae94
2026-03-25 19:01:40,178 - basicLogger - INFO - Received penalty batch event with trace id d7f07b84-fc47-44b3-b147-2ed1929f1b99
2026-03-25 19:01:40,184 - basicLogger - INFO - Received shot batch event with trace id e35be1c4-87bf-43ee-afd3-5cfe8013f770
2026-03-25 19:01:40,189 - basicLogger - INFO - Received penalty batch event with trace id d95d2f5f-ec3c-41e0-9bdc-c1df9c364e7a
2026-03-25 19:01:40,226 - basicLogger - INFO - Received shot batch event with trace id 86aa5195-5a5b-4601-abd3-ab4c950a144b
2026-03-25 19:01:40,234 - basicLogger - INFO - Received penalty batch event with trace id 077d8642-e20a-4955-99cf-23f7bd699e13
2026-03-25 19:01:40,240 - basicLogger - INFO - Received shot batch event with trace id 9efe677f-b295-4aaa-a6b7-c0214d8a83da
2026-03-25 19:01:40,245 - basicLogger - INFO - Received penalty batch event with trace id 7477813a-ff70-4ea6-a11b-4039055d0227
2026-03-25 19:01:40,251 - basicLogger - INFO - Received shot batch event with trace id e1a99b3c-d58a-42bb-99b5-04af8e32eea4
2026-03-25 19:01:40,256 - basicLogger - INFO - Received penalty batch event with trace id 30741cb9-4260-4de0-b7de-2af9ea9220de
2026-03-25 19:01:40,261 - basicLogger - INFO - Received shot batch event with trace id adeef08f-355f-42e2-8390-3f7a0aa85649
2026-03-25 19:01:40,267 - basicLogger - INFO - Received penalty batch event with trace id 4a2a7ba1-0f35-4fe3-9902-b7df3d62bfba
2026-03-25 19:01:40,272 - basicLogger - INFO - Received shot batch event with trace id bce64ecb-1331-4e65-93d4-a72306c33ae3
2026-03-25 19:01:40,277 - basicLogger - INFO - Received penalty batch event with trace id f1f00be5-3a04-4119-b4a4-7cf486d54d14
2026-03-25 19:01:40,283 - basicLogger - INFO - Received shot batch event with trace id 47acf7eb-2945-4968-b128-8f57e0c44892
2026-03-25 19:01:40,288 - basicLogger - INFO - Received penalty batch event with trace id 75f84f8c-a732-46db-ad70-d5b095aaf749
2026-03-25 19:01:40,352 - basicLogger - INFO - Received shot batch event with trace id 059b35c1-8401-4305-bae9-3add8a61351b
2026-03-25 19:01:40,357 - basicLogger - INFO - Received penalty batch event with trace id 874fbf68-41e3-47eb-b220-90a61b78d789
2026-03-25 19:01:40,361 - basicLogger - INFO - Received shot batch event with trace id 80b90994-1d9e-4d7e-a824-74081204a575
2026-03-25 19:01:40,365 - basicLogger - INFO - Received penalty batch event with trace id af1eaee5-18c1-4e62-ab2f-43c308eb8b8e
2026-03-25 19:01:40,370 - basicLogger - INFO - Received shot batch event with trace id ad86f102-c4a4-43c5-b6be-f1bc2cfae660
2026-03-25 19:01:40,375 - basicLogger - INFO - Received penalty batch event with trace id 9f11b315-3f51-48aa-8713-79585c46d08c
2026-03-25 19:01:40,379 - basicLogger - INFO - Received shot batch event with trace id 5f1c1de8-bbd8-45c2-a21b-2ab0069b4455
2026-03-25 19:01:40,384 - basicLogger - INFO - Received penalty batch event with trace id 25f5b496-a148-4204-bdfd-0b03052444df
2026-03-25 19:01:40,388 - basicLogger - INFO - Received shot batch event with trace id 9e7900bb-ec59-4d82-90d6-895f1c9d3c3c
2026-03-25 19:01:40,393 - basicLogger - INFO - Received penalty batch event with trace id 4e91f03f-2c6b-422b-b034-ec049f1652cd
2026-03-25 19:01:40,397 - basicLogger - INFO - Received shot batch event with trace id 1b4b7605-7726-4ce0-87b0-20c93af99269
2026-03-25 19:01:40,402 - basicLogger - INFO - Received penalty batch event with trace id 442cc988-65f7-4cbc-9b95-3ab35f1e1202
2026-03-25 19:01:40,407 - basicLogger - INFO - Received shot batch event with trace id 94a0fd01-a12c-4385-95ac-44ffe52aca2f
2026-03-25 19:01:40,412 - basicLogger - INFO - Received penalty batch event with trace id 7494bc54-5b2f-45c0-bd53-492158a9eef1
2026-03-25 19:01:40,417 - basicLogger - INFO - Received shot batch event with trace id 24e4f622-cf12-41c1-8dde-001724b3180c
2026-03-25 19:01:40,421 - basicLogger - INFO - Received penalty batch event with trace id 5bac96ab-0932-4224-aa57-3e55a06e5907
2026-03-25 19:01:40,426 - basicLogger - INFO - Received shot batch event with trace id 5ea0ca29-bad7-4ed8-b9ab-2c6927ffa783
2026-03-25 19:01:40,431 - basicLogger - INFO - Received penalty batch event with trace id 46543a11-fe9a-4dc5-81f2-fc194caa4d0d
2026-03-25 19:01:40,436 - basicLogger - INFO - Received shot batch event with trace id 836df008-8125-45dc-9604-ba43bbbbdba2
2026-03-25 19:01:40,441 - basicLogger - INFO - Received penalty batch event with trace id e5db11e8-187a-44d1-86d7-074279dd9b6e
2026-03-25 19:01:40,555 - basicLogger - INFO - Received shot batch event with trace id aa180627-9c9e-4aa9-9d43-a08444128855
2026-03-25 19:01:40,561 - basicLogger - INFO - Received penalty batch event with trace id 2b926f99-88d2-40cd-b588-ecc85eefb7f6
2026-03-25 19:01:40,567 - basicLogger - INFO - Received shot batch event with trace id 7c6918a8-12dd-4551-9cc4-19098bda7292
2026-03-25 19:01:40,571 - basicLogger - INFO - Received penalty batch event with trace id 55fd2a82-a7de-48f5-9d32-3b842d800b0d
2026-03-25 19:01:40,576 - basicLogger - INFO - Received shot batch event with trace id db776006-23d6-4a1e-a879-4b0a9da5dc13
2026-03-25 19:01:40,580 - basicLogger - INFO - Received penalty batch event with trace id 3ab14c29-7b4b-4e4d-90fd-36807bcd4e8d
2026-03-25 19:01:40,585 - basicLogger - INFO - Received shot batch event with trace id ca69e6b4-ced8-4dbb-a305-c084b39aabec
2026-03-25 19:01:40,589 - basicLogger - INFO - Received penalty batch event with trace id 1d679b6f-2249-48b0-a2db-09af8b0ff90a
2026-03-25 19:01:40,594 - basicLogger - INFO - Received shot batch event with trace id 9a1db2f3-1987-41bb-ad34-742dbd79be93
2026-03-25 19:01:40,598 - basicLogger - INFO - Received penalty batch event with trace id 54557439-1308-4a3f-b048-c348daf84785
2026-03-25 19:01:40,602 - basicLogger - INFO - Received shot batch event with trace id c5205c5a-e682-4a24-afc5-5080853a1e6c
2026-03-25 19:01:40,607 - basicLogger - INFO - Received penalty batch event with trace id 16bc5f9f-2036-4ac9-ba4c-c995364bf8a5
2026-03-25 19:01:40,612 - basicLogger - INFO - Received shot batch event with trace id 6f27b45f-77d7-4c21-8b32-997384fad36d
2026-03-25 19:01:40,616 - basicLogger - INFO - Received penalty batch event with trace id 5c8d9af3-8257-4b40-94b3-c52f3e537622
2026-03-25 19:01:40,621 - basicLogger - INFO - Received shot batch event with trace id 1dcf59b9-9c4b-4e5b-88f0-6b63e6664f50
2026-03-25 19:01:40,624 - basicLogger - INFO - Received penalty batch event with trace id e83caaee-46a5-4c97-9084-816b98bc2592
2026-03-25 19:01:40,628 - basicLogger - INFO - Received shot batch event with trace id 4f6209da-733d-47aa-b9bf-cfb573e78229
2026-03-25 19:01:40,633 - basicLogger - INFO - Received penalty batch event with trace id cc832674-00dc-44dd-b0ba-f9d067ca903e
2026-03-25 19:01:40,637 - basicLogger - INFO - Received shot batch event with trace id 136308b8-8fe2-4877-9925-a733506167cf
2026-03-25 19:01:40,641 - basicLogger - INFO - Received penalty batch event with trace id 1e87d942-f5bc-4bbe-95cf-2a18c0883460
2026-03-25 19:01:40,751 - basicLogger - INFO - Received shot batch event with trace id 8458b329-7b1d-4c46-a194-f045cdfef449
2026-03-25 19:01:40,756 - basicLogger - INFO - Received penalty batch event with trace id 1e16f60b-6d17-4c27-8d3c-17382e776e91
2026-03-25 19:01:40,761 - basicLogger - INFO - Received shot batch event with trace id ca55aa9c-e984-460c-9a03-be74ca717701
2026-03-25 19:01:40,766 - basicLogger - INFO - Received penalty batch event with trace id 4b42ba4a-7e8d-4440-b328-47cf18d0dd80
2026-03-25 19:01:40,771 - basicLogger - INFO - Received shot batch event with trace id 45dfdd70-2696-4a66-a294-50ac1b5b7949
2026-03-25 19:01:40,776 - basicLogger - INFO - Received penalty batch event with trace id ccacf8a2-1899-4c3d-bf3a-5ece40dbe9f0
2026-03-25 19:01:40,783 - basicLogger - INFO - Received shot batch event with trace id b68635db-7e1d-4730-8bb2-bd383453acca
2026-03-25 19:01:40,790 - basicLogger - INFO - Received penalty batch event with trace id 5faab282-584b-400e-8292-ab664d52409b
2026-03-25 19:01:40,796 - basicLogger - INFO - Received shot batch event with trace id bf20d2c7-3e12-49c1-b490-3f8b412566a8
2026-03-25 19:01:40,803 - basicLogger - INFO - Received penalty batch event with trace id e04105ec-5ae4-4e35-8c1d-4e069e60a07f
2026-03-25 19:01:40,808 - basicLogger - INFO - Received shot batch event with trace id f198a5b9-3694-4b85-bef0-208485e33a08
2026-03-25 19:01:40,812 - basicLogger - INFO - Received penalty batch event with trace id 0b9422bb-eda7-49dd-b167-3220459867a1
2026-03-25 19:01:40,817 - basicLogger - INFO - Received shot batch event with trace id c393b1f1-bd0d-4a04-a3c1-cd5c7b2e67be
2026-03-25 19:01:40,822 - basicLogger - INFO - Received penalty batch event with trace id 46d255fe-7960-4b58-97ec-7c91f67e09f8
2026-03-25 19:01:40,826 - basicLogger - INFO - Received shot batch event with trace id 854e0c9d-3ab5-4479-ad3b-9bed315f1a94
2026-03-25 19:01:40,830 - basicLogger - INFO - Received penalty batch event with trace id 691ac432-b9f4-4518-ae50-323b087f5c89
2026-03-25 19:01:40,836 - basicLogger - INFO - Received shot batch event with trace id b0d1de8f-25b2-4c05-9aab-c835286f261a
2026-03-25 19:01:40,840 - basicLogger - INFO - Received penalty batch event with trace id 0f610ddc-8f44-496b-94aa-98d5ae00d0ae
2026-03-25 19:01:40,846 - basicLogger - INFO - Received shot batch event with trace id e4fd0a4d-6e06-4e18-a641-c37e6cd954b3
2026-03-25 19:01:40,852 - basicLogger - INFO - Received penalty batch event with trace id 34c2e9fa-c099-44cf-98f3-471ab43428a9
2026-03-25 19:12:37,052 - basicLogger - INFO - Received shot batch event with trace id 6254c4fb-7c10-4827-8fa5-e1d9d5437c0a
2026-03-25 19:12:37,092 - basicLogger - INFO - Received penalty batch event with trace id 9825dcc1-b826-47db-97a7-2b3c6033a31d
2026-03-25 19:12:37,102 - basicLogger - INFO - Received shot batch event with trace id cd4d5ed2-244b-4c31-a6be-481f4f89fe35
2026-03-25 19:12:37,108 - basicLogger - INFO - Received penalty batch event with trace id 9aec5d93-a9d5-461e-80c5-ca4dd66c8fc0
2026-03-25 19:12:37,114 - basicLogger - INFO - Received shot batch event with trace id 30646e90-66a0-4a41-b6e3-2afffde83678
2026-03-25 19:12:37,119 - basicLogger - INFO - Received penalty batch event with trace id 69231f00-8089-4152-8b36-4e8a97274bdc
2026-03-25 19:12:37,124 - basicLogger - INFO - Received shot batch event with trace id 209e3e59-bcce-4508-816f-1a31c338f359
2026-03-25 19:12:37,129 - basicLogger - INFO - Received penalty batch event with trace id 6088a2c5-86b7-4230-98f8-6421f57e3669
2026-03-25 19:12:37,135 - basicLogger - INFO - Received shot batch event with trace id 5ac5d5a2-0bb6-4905-8c79-a36dda880b09
2026-03-25 19:12:37,141 - basicLogger - INFO - Received penalty batch event with trace id c8ac8a73-d8dd-4d26-9482-9062b8d6e07d
2026-03-25 19:12:37,148 - basicLogger - INFO - Received shot batch event with trace id b76fafb7-f4ff-4a32-a85f-072a667a400a
2026-03-25 19:12:37,155 - basicLogger - INFO - Received penalty batch event with trace id 0176ffdc-3356-4e52-9581-83b1f1889851
2026-03-25 19:12:37,163 - basicLogger - INFO - Received shot batch event with trace id ca0b8eb2-d45b-42e5-9f07-58aa7ef448c2
2026-03-25 19:12:37,169 - basicLogger - INFO - Received penalty batch event with trace id 5c057128-04f7-4b03-b6cb-a9c8f4b12858
2026-03-25 19:12:37,175 - basicLogger - INFO - Received shot batch event with trace id 4f9918a1-a28d-41da-8fe5-4dda151a5943
2026-03-25 19:12:37,181 - basicLogger - INFO - Received penalty batch event with trace id 3af90f93-ffd4-43c9-bb72-08b4bf3ac511
2026-03-25 19:12:37,186 - basicLogger - INFO - Received shot batch event with trace id 493ac227-da8c-40d1-a3de-83eb7d4421c6
2026-03-25 19:12:37,191 - basicLogger - INFO - Received penalty batch event with trace id a09ea552-c330-4bf0-87cb-372a67d71815
2026-03-25 19:12:37,197 - basicLogger - INFO - Received shot batch event with trace id 3216cead-f7b8-4631-bebf-01e834b67d31
2026-03-25 19:12:37,202 - basicLogger - INFO - Received penalty batch event with trace id abd9cac9-e749-4e01-89b5-924e643faf45
2026-03-25 19:12:37,245 - basicLogger - INFO - Received shot batch event with trace id 7ef3d0bd-6040-4aee-81c3-fbedeb9676d7
2026-03-25 19:12:37,250 - basicLogger - INFO - Received penalty batch event with trace id 7681c083-30e3-41b1-aeed-9bf6e715dab4
2026-03-25 19:12:37,255 - basicLogger - INFO - Received shot batch event with trace id 3bc2a88f-9538-4f07-90d8-1c10f76137c4
2026-03-25 19:12:37,261 - basicLogger - INFO - Received penalty batch event with trace id 1a970deb-0287-41d9-9d50-8c9157dc5f74
2026-03-25 19:12:37,266 - basicLogger - INFO - Received shot batch event with trace id bb8627c6-def1-40fe-a0c3-6c15b9069dbe
2026-03-25 19:12:37,271 - basicLogger - INFO - Received penalty batch event with trace id 2a04f791-253d-4850-9115-5422806ad1d6
2026-03-25 19:12:37,276 - basicLogger - INFO - Received shot batch event with trace id 1e62c5f0-42f4-4d45-9ae6-27061f962f4f
2026-03-25 19:12:37,282 - basicLogger - INFO - Received penalty batch event with trace id 4cdd2da5-f78a-4790-8ccf-3673667e3f0c
2026-03-25 19:12:37,287 - basicLogger - INFO - Received shot batch event with trace id 92524bf4-d9d1-4075-9bd1-57bb55be380a
2026-03-25 19:12:37,292 - basicLogger - INFO - Received penalty batch event with trace id 9e09ed10-106b-455f-a6c6-6672d584be86
2026-03-25 19:12:37,297 - basicLogger - INFO - Received shot batch event with trace id 84b41465-f17f-4f63-9270-249fa7ac4baa
2026-03-25 19:12:37,301 - basicLogger - INFO - Received penalty batch event with trace id b55d3340-f2b8-4e9f-809c-74e8dcfe66c8
2026-03-25 19:12:37,306 - basicLogger - INFO - Received shot batch event with trace id ed712664-0528-43ed-9a98-581a64a29fb9
2026-03-25 19:12:37,311 - basicLogger - INFO - Received penalty batch event with trace id a0e9cbf4-9e5a-452e-9e6a-1e4df1ab58ba
2026-03-25 19:12:37,315 - basicLogger - INFO - Received shot batch event with trace id 0b96732b-8bc5-40d4-bf91-fa305908b0e0
2026-03-25 19:12:37,320 - basicLogger - INFO - Received penalty batch event with trace id 515a9f14-aba4-4971-8100-5bc5fc3ff886
2026-03-25 19:12:37,325 - basicLogger - INFO - Received shot batch event with trace id d2a58af7-d004-4bb7-ae3b-a3beaefc6c2b
2026-03-25 19:12:37,329 - basicLogger - INFO - Received penalty batch event with trace id c2c7b034-10ea-4d77-b812-7aa078a246ab
2026-03-25 19:12:37,335 - basicLogger - INFO - Received shot batch event with trace id 95f6a40c-8e16-4501-8c2e-66ceed134637
2026-03-25 19:12:37,340 - basicLogger - INFO - Received penalty batch event with trace id f7f74e2f-1da1-4f73-9c7b-5e1dc6002c1b
2026-03-25 19:12:37,442 - basicLogger - INFO - Received shot batch event with trace id d88f90a7-ae3a-4d81-ab79-83f4ac9d7ab8
2026-03-25 19:12:37,451 - basicLogger - INFO - Received penalty batch event with trace id 623bd30f-cf74-4bb4-aa22-25b6aed6ff39
2026-03-25 19:12:37,458 - basicLogger - INFO - Received shot batch event with trace id d993f60f-6b14-45b0-888a-4d733009c196
2026-03-25 19:12:37,466 - basicLogger - INFO - Received penalty batch event with trace id 33899240-0c98-4d14-8624-5f790cf48301
2026-03-25 19:12:37,473 - basicLogger - INFO - Received shot batch event with trace id 7ab6665d-154d-406c-a2bf-f965c58f11f9
2026-03-25 19:12:37,480 - basicLogger - INFO - Received penalty batch event with trace id f6b2523c-6f88-4cc5-aec8-8ae66adb28c8
2026-03-25 19:12:37,487 - basicLogger - INFO - Received shot batch event with trace id 573c2761-c4c7-4589-ba8d-870e4d1c8e2a
2026-03-25 19:12:37,494 - basicLogger - INFO - Received penalty batch event with trace id 1937c0db-30e8-4561-b2ef-db369dba4e14
2026-03-25 19:12:37,502 - basicLogger - INFO - Received shot batch event with trace id edc3f60b-ce2c-49e9-9129-8006c0b9a897
2026-03-25 19:12:37,511 - basicLogger - INFO - Received penalty batch event with trace id b464443d-07a0-4fe7-aa50-25d389c5c781
2026-03-25 19:12:37,517 - basicLogger - INFO - Received shot batch event with trace id d3f66459-99cd-4385-8be9-62c682f6807a
2026-03-25 19:12:37,524 - basicLogger - INFO - Received penalty batch event with trace id 393e7792-0921-4fc7-ab53-b92be7082514
2026-03-25 19:12:37,531 - basicLogger - INFO - Received shot batch event with trace id 0d0d3954-0e6b-4b65-b74e-eb536a2f1eac
2026-03-25 19:12:37,538 - basicLogger - INFO - Received penalty batch event with trace id e44c57ac-f4fe-4537-b753-ad399d3943de
2026-03-25 19:12:37,545 - basicLogger - INFO - Received shot batch event with trace id a43b218f-e3fc-4bf1-9bee-fa4b732263be
2026-03-25 19:12:37,553 - basicLogger - INFO - Received penalty batch event with trace id e931a26b-7945-4a37-9cb7-5c298bde2279
2026-03-25 19:12:37,561 - basicLogger - INFO - Received shot batch event with trace id fc8a3958-36a5-40f2-9dbc-7dffe63826e2
2026-03-25 19:12:37,569 - basicLogger - INFO - Received penalty batch event with trace id 40ec3b90-2904-4cd7-8c94-7c7af81aa089
2026-03-25 19:12:37,577 - basicLogger - INFO - Received shot batch event with trace id 80a0b7a0-f8e1-49c3-99d4-bc3c2c702657
2026-03-25 19:12:37,583 - basicLogger - INFO - Received penalty batch event with trace id ecb790b8-4b6f-4b65-b49f-d405b43316d4
2026-03-25 19:12:37,642 - basicLogger - INFO - Received shot batch event with trace id 68f8326f-a407-4edd-a4ef-2b6d755093e5
2026-03-25 19:12:37,650 - basicLogger - INFO - Received penalty batch event with trace id d8cf69ce-d6b5-419d-9cf6-0cd928fd6ce5
2026-03-25 19:12:37,657 - basicLogger - INFO - Received shot batch event with trace id 09c03d4e-71e2-452e-9810-3a91dfae5651
2026-03-25 19:12:37,664 - basicLogger - INFO - Received penalty batch event with trace id a728a20f-1c05-4841-9ce7-7a8117001cce
2026-03-25 19:12:37,670 - basicLogger - INFO - Received shot batch event with trace id ec81a422-12ef-45bb-9155-28e77c0469c1
2026-03-25 19:12:37,677 - basicLogger - INFO - Received penalty batch event with trace id a5a982ba-c452-46f6-8a47-7e46db423018
2026-03-25 19:12:37,684 - basicLogger - INFO - Received shot batch event with trace id 12dab481-7f70-470f-85ce-fb20145e50f9
2026-03-25 19:12:37,691 - basicLogger - INFO - Received penalty batch event with trace id 43a73978-9b2d-4b50-ba94-2a730d4ebae9
2026-03-25 19:12:37,697 - basicLogger - INFO - Received shot batch event with trace id 6313cd48-8f3c-4a6d-b0c1-859f9c8474d1
2026-03-25 19:12:37,703 - basicLogger - INFO - Received penalty batch event with trace id f1221599-9074-44d6-92d8-9799219b89a0
2026-03-25 19:12:37,708 - basicLogger - INFO - Received shot batch event with trace id aeb4adc7-46d6-4e1f-96e9-14ab856ebf79
2026-03-25 19:12:37,715 - basicLogger - INFO - Received penalty batch event with trace id 9be86881-a096-4726-9a99-1d63d8df91bf
2026-03-25 19:12:37,720 - basicLogger - INFO - Received shot batch event with trace id f1a79209-43ed-4b3c-87fc-bafd63c630f4
2026-03-25 19:12:37,726 - basicLogger - INFO - Received penalty batch event with trace id 94b80d1a-4617-4102-b4dd-5c0f24a82d80
2026-03-25 19:12:37,732 - basicLogger - INFO - Received shot batch event with trace id 71988eec-d4f1-4bde-8c9a-8b78719c3cd9
2026-03-25 19:12:37,738 - basicLogger - INFO - Received penalty batch event with trace id 49c4458c-e4fa-4c3b-9659-7ba7d36cc1da
2026-03-25 19:12:37,743 - basicLogger - INFO - Received shot batch event with trace id be16d0f3-c99e-49f7-9aaa-be0cdfb6b57f
2026-03-25 19:12:37,749 - basicLogger - INFO - Received penalty batch event with trace id 9f55ccce-f77c-4d6a-a755-7f30b4de41cd
2026-03-25 19:12:37,755 - basicLogger - INFO - Received shot batch event with trace id 52ef06ff-2d07-4a35-bfc7-d43b4812bdca
2026-03-25 19:12:37,761 - basicLogger - INFO - Received penalty batch event with trace id 6a50fc30-f7e4-41d0-b596-4a7d6cddd085
2026-03-25 19:12:37,841 - basicLogger - INFO - Received shot batch event with trace id cf8f169d-fd90-4de5-a436-7089d3a99172
2026-03-25 19:12:37,846 - basicLogger - INFO - Received penalty batch event with trace id 23e4f29b-5621-4a9e-800e-38d2f52782f9
2026-03-25 19:12:37,850 - basicLogger - INFO - Received shot batch event with trace id d4a02526-afb7-4e54-8d61-a9b9ea2d84e2
2026-03-25 19:12:37,854 - basicLogger - INFO - Received penalty batch event with trace id defc6258-9c1f-48fa-9068-d6336ee151a6
2026-03-25 19:12:37,859 - basicLogger - INFO - Received shot batch event with trace id f4f0a74b-8628-48b6-ae59-788eb756aab3
2026-03-25 19:12:37,864 - basicLogger - INFO - Received penalty batch event with trace id 3f0b530c-6a2c-4b58-97d0-881989e2e5c5
2026-03-25 19:12:37,869 - basicLogger - INFO - Received shot batch event with trace id b54cd29f-5978-44ef-82e4-b4def887716a
2026-03-25 19:12:37,874 - basicLogger - INFO - Received penalty batch event with trace id 6a40f342-6606-4518-b021-c27910fab74d
2026-03-25 19:12:37,878 - basicLogger - INFO - Received shot batch event with trace id d441b2d1-ed55-4b93-8edd-28cde7556983
2026-03-25 19:12:37,883 - basicLogger - INFO - Received penalty batch event with trace id 1a291bdd-d90d-4b53-8020-8b58bb949f25
2026-03-25 19:12:37,930 - basicLogger - INFO - Received shot batch event with trace id 97cb89cc-ae79-43b9-994a-740414f42c84
2026-03-25 19:12:37,936 - basicLogger - INFO - Received penalty batch event with trace id 382180a1-b5f8-4715-bc1a-bde8cf4ae853
2026-03-25 19:12:37,941 - basicLogger - INFO - Received shot batch event with trace id 7f674265-7b70-4547-9610-cdcf56d5da9b
2026-03-25 19:12:37,946 - basicLogger - INFO - Received penalty batch event with trace id e137a598-60b9-4d53-9ee9-e7ddf8fa733b
2026-03-25 19:12:37,951 - basicLogger - INFO - Received shot batch event with trace id fd781bb2-b136-488d-a6df-075466670300
2026-03-25 19:12:37,956 - basicLogger - INFO - Received penalty batch event with trace id dcddb809-0b51-48b7-9605-8aead2ae8102
2026-03-25 19:12:37,962 - basicLogger - INFO - Received shot batch event with trace id f6f182f5-a78c-4515-a497-e82e9d078a78
2026-03-25 19:12:37,967 - basicLogger - INFO - Received penalty batch event with trace id 76df6b95-2bb1-4570-ad58-340a2f0ec506
2026-03-25 19:12:37,971 - basicLogger - INFO - Received shot batch event with trace id f480d998-ccb6-4f4d-b261-a04d46007ef8
2026-03-25 19:12:37,975 - basicLogger - INFO - Received penalty batch event with trace id 1ccfb349-9b50-4b7d-8709-ee96d4b05bbe
